Versão: 1.0.14

Usando arquivo de configuração: /home/danieleperse/.codenation.yml

Executando testes...

[INFO] Scanning for projects...
[INFO] 
[INFO] -------------------< com.challenge:spring-data-ddl >--------------------
[INFO] Building spring-data-ddl 0.0.1-SNAPSHOT
[INFO] --------------------------------[ jar ]---------------------------------
[INFO] 
[INFO] --- maven-resources-plugin:3.1.0:resources (default-resources) @ spring-data-ddl ---
[INFO] Using 'UTF-8' encoding to copy filtered resources.
[INFO] Copying 1 resource
[INFO] Copying 0 resource
[INFO] 
[INFO] --- maven-compiler-plugin:3.8.1:compile (default-compile) @ spring-data-ddl ---
[INFO] Nothing to compile - all classes are up to date
[INFO] 
[INFO] --- maven-resources-plugin:3.1.0:testResources (default-testResources) @ spring-data-ddl ---
[INFO] Using 'UTF-8' encoding to copy filtered resources.
[INFO] Copying 1 resource
[INFO] 
[INFO] --- maven-compiler-plugin:3.8.1:testCompile (default-testCompile) @ spring-data-ddl ---
[INFO] Changes detected - recompiling the module!
[INFO] Compiling 10 source files to /home/danieleperse/codenation/java-10/target/test-classes
[INFO] 
[INFO] --- maven-surefire-plugin:2.22.2:test (default-test) @ spring-data-ddl ---
[INFO] 
[INFO] -------------------------------------------------------
[INFO]  T E S T S
[INFO] -------------------------------------------------------
[INFO] Running com.challenge.suite.ChallengeTestSuite
19:18:46.279 [main] DEBUG org.springframework.test.context.junit4.SpringJUnit4ClassRunner - SpringJUnit4ClassRunner constructor called with [class com.challenge.suite.AccelerationServiceTest]
19:18:46.295 [main] DEBUG org.springframework.test.context.BootstrapUtils - Instantiating CacheAwareContextLoaderDelegate from class [org.springframework.test.context.cache.DefaultCacheAwareContextLoaderDelegate]
19:18:46.329 [main] DEBUG org.springframework.test.context.BootstrapUtils - Instantiating BootstrapContext using constructor [public org.springframework.test.context.support.DefaultBootstrapContext(java.lang.Class,org.springframework.test.context.CacheAwareContextLoaderDelegate)]
19:18:46.367 [main] DEBUG org.springframework.test.context.BootstrapUtils - Instantiating TestContextBootstrapper for test class [com.challenge.suite.AccelerationServiceTest] from class [org.springframework.boot.test.context.SpringBootTestContextBootstrapper]
19:18:46.387 [main] INFO org.springframework.boot.test.context.SpringBootTestContextBootstrapper - Neither @ContextConfiguration nor @ContextHierarchy found for test class [com.challenge.suite.AccelerationServiceTest], using SpringBootContextLoader
19:18:46.394 [main] DEBUG org.springframework.test.context.support.AbstractContextLoader - Did not detect default resource location for test class [com.challenge.suite.AccelerationServiceTest]: class path resource [com/challenge/suite/AccelerationServiceTest-context.xml] does not exist
19:18:46.397 [main] DEBUG org.springframework.test.context.support.AbstractContextLoader - Did not detect default resource location for test class [com.challenge.suite.AccelerationServiceTest]: class path resource [com/challenge/suite/AccelerationServiceTestContext.groovy] does not exist
19:18:46.399 [main] INFO org.springframework.test.context.support.AbstractContextLoader - Could not detect default resource locations for test class [com.challenge.suite.AccelerationServiceTest]: no resource found for suffixes {-context.xml, Context.groovy}.
19:18:46.402 [main] INFO org.springframework.test.context.support.AnnotationConfigContextLoaderUtils - Could not detect default configuration classes for test class [com.challenge.suite.AccelerationServiceTest]: AccelerationServiceTest does not declare any static, non-private, non-final, nested classes annotated with @Configuration.
19:18:46.468 [main] DEBUG org.springframework.test.context.support.ActiveProfilesUtils - Could not find an 'annotation declaring class' for annotation type [org.springframework.test.context.ActiveProfiles] and class [com.challenge.suite.AccelerationServiceTest]
19:18:46.599 [main] DEBUG org.springframework.context.annotation.ClassPathScanningCandidateComponentProvider - Identified candidate component class: file [/home/danieleperse/codenation/java-10/target/classes/com/challenge/SpringChallengeApplication.class]
19:18:46.602 [main] INFO org.springframework.boot.test.context.SpringBootTestContextBootstrapper - Found @SpringBootConfiguration com.challenge.SpringChallengeApplication for test class com.challenge.suite.AccelerationServiceTest
19:18:46.735 [main] DEBUG org.springframework.boot.test.context.SpringBootTestContextBootstrapper - @TestExecutionListeners is not present for class [com.challenge.suite.AccelerationServiceTest]: using defaults.
19:18:46.738 [main] INFO org.springframework.boot.test.context.SpringBootTestContextBootstrapper - Loaded default TestExecutionListener class names from location [META-INF/spring.factories]: [org.springframework.boot.test.mock.mockito.MockitoTestExecutionListener, org.springframework.boot.test.mock.mockito.ResetMocksTestExecutionListener, org.springframework.boot.test.autoconfigure.restdocs.RestDocsTestExecutionListener, org.springframework.boot.test.autoconfigure.web.client.MockRestServiceServerResetTestExecutionListener, org.springframework.boot.test.autoconfigure.web.servlet.MockMvcPrintOnlyOnFailureTestExecutionListener, org.springframework.boot.test.autoconfigure.web.servlet.WebDriverTestExecutionListener, org.springframework.test.context.web.ServletTestExecutionListener, org.springframework.test.context.support.DirtiesContextBeforeModesTestExecutionListener, org.springframework.test.context.support.DependencyInjectionTestExecutionListener, org.springframework.test.context.support.DirtiesContextTestExecutionListener, org.springframework.test.context.transaction.TransactionalTestExecutionListener, org.springframework.test.context.jdbc.SqlScriptsTestExecutionListener]
19:18:46.759 [main] DEBUG org.springframework.boot.test.context.SpringBootTestContextBootstrapper - Skipping candidate TestExecutionListener [org.springframework.test.context.web.ServletTestExecutionListener] due to a missing dependency. Specify custom listener classes or make the default listener classes and their required dependencies available. Offending class: [javax/servlet/ServletContext]
19:18:46.774 [main] INFO org.springframework.boot.test.context.SpringBootTestContextBootstrapper - Using TestExecutionListeners: [org.springframework.test.context.support.DirtiesContextBeforeModesTestExecutionListener@2d9caaeb, org.springframework.boot.test.mock.mockito.MockitoTestExecutionListener@42a15bdc, org.springframework.boot.test.autoconfigure.SpringBootDependencyInjectionTestExecutionListener@44a59da3, org.springframework.test.context.support.DirtiesContextTestExecutionListener@27e47833, org.springframework.test.context.transaction.TransactionalTestExecutionListener@6f6745d6, org.springframework.test.context.jdbc.SqlScriptsTestExecutionListener@27508c5d, org.springframework.boot.test.mock.mockito.ResetMocksTestExecutionListener@4f704591, org.springframework.boot.test.autoconfigure.restdocs.RestDocsTestExecutionListener@4b5189ac, org.springframework.boot.test.autoconfigure.web.client.MockRestServiceServerResetTestExecutionListener@1e4d3ce5, org.springframework.boot.test.autoconfigure.web.servlet.MockMvcPrintOnlyOnFailureTestExecutionListener@3ddc6915, org.springframework.boot.test.autoconfigure.web.servlet.WebDriverTestExecutionListener@704deff2]
19:18:46.783 [main] DEBUG org.springframework.test.context.junit4.SpringJUnit4ClassRunner - SpringJUnit4ClassRunner constructor called with [class com.challenge.suite.CandidateServiceTest]
19:18:46.785 [main] DEBUG org.springframework.test.context.BootstrapUtils - Instantiating CacheAwareContextLoaderDelegate from class [org.springframework.test.context.cache.DefaultCacheAwareContextLoaderDelegate]
19:18:46.786 [main] DEBUG org.springframework.test.context.BootstrapUtils - Instantiating BootstrapContext using constructor [public org.springframework.test.context.support.DefaultBootstrapContext(java.lang.Class,org.springframework.test.context.CacheAwareContextLoaderDelegate)]
19:18:46.789 [main] DEBUG org.springframework.test.context.BootstrapUtils - Instantiating TestContextBootstrapper for test class [com.challenge.suite.CandidateServiceTest] from class [org.springframework.boot.test.context.SpringBootTestContextBootstrapper]
19:18:46.791 [main] INFO org.springframework.boot.test.context.SpringBootTestContextBootstrapper - Neither @ContextConfiguration nor @ContextHierarchy found for test class [com.challenge.suite.CandidateServiceTest], using SpringBootContextLoader
19:18:46.795 [main] DEBUG org.springframework.test.context.support.AbstractContextLoader - Did not detect default resource location for test class [com.challenge.suite.CandidateServiceTest]: class path resource [com/challenge/suite/CandidateServiceTest-context.xml] does not exist
19:18:46.798 [main] DEBUG org.springframework.test.context.support.AbstractContextLoader - Did not detect default resource location for test class [com.challenge.suite.CandidateServiceTest]: class path resource [com/challenge/suite/CandidateServiceTestContext.groovy] does not exist
19:18:46.799 [main] INFO org.springframework.test.context.support.AbstractContextLoader - Could not detect default resource locations for test class [com.challenge.suite.CandidateServiceTest]: no resource found for suffixes {-context.xml, Context.groovy}.
19:18:46.801 [main] INFO org.springframework.test.context.support.AnnotationConfigContextLoaderUtils - Could not detect default configuration classes for test class [com.challenge.suite.CandidateServiceTest]: CandidateServiceTest does not declare any static, non-private, non-final, nested classes annotated with @Configuration.
19:18:46.807 [main] DEBUG org.springframework.test.context.support.ActiveProfilesUtils - Could not find an 'annotation declaring class' for annotation type [org.springframework.test.context.ActiveProfiles] and class [com.challenge.suite.CandidateServiceTest]
19:18:46.809 [main] INFO org.springframework.boot.test.context.SpringBootTestContextBootstrapper - Found @SpringBootConfiguration com.challenge.SpringChallengeApplication for test class com.challenge.suite.CandidateServiceTest
19:18:46.813 [main] DEBUG org.springframework.boot.test.context.SpringBootTestContextBootstrapper - @TestExecutionListeners is not present for class [com.challenge.suite.CandidateServiceTest]: using defaults.
19:18:46.815 [main] INFO org.springframework.boot.test.context.SpringBootTestContextBootstrapper - Loaded default TestExecutionListener class names from location [META-INF/spring.factories]: [org.springframework.boot.test.mock.mockito.MockitoTestExecutionListener, org.springframework.boot.test.mock.mockito.ResetMocksTestExecutionListener, org.springframework.boot.test.autoconfigure.restdocs.RestDocsTestExecutionListener, org.springframework.boot.test.autoconfigure.web.client.MockRestServiceServerResetTestExecutionListener, org.springframework.boot.test.autoconfigure.web.servlet.MockMvcPrintOnlyOnFailureTestExecutionListener, org.springframework.boot.test.autoconfigure.web.servlet.WebDriverTestExecutionListener, org.springframework.test.context.web.ServletTestExecutionListener, org.springframework.test.context.support.DirtiesContextBeforeModesTestExecutionListener, org.springframework.test.context.support.DependencyInjectionTestExecutionListener, org.springframework.test.context.support.DirtiesContextTestExecutionListener, org.springframework.test.context.transaction.TransactionalTestExecutionListener, org.springframework.test.context.jdbc.SqlScriptsTestExecutionListener]
19:18:46.822 [main] DEBUG org.springframework.boot.test.context.SpringBootTestContextBootstrapper - Skipping candidate TestExecutionListener [org.springframework.test.context.web.ServletTestExecutionListener] due to a missing dependency. Specify custom listener classes or make the default listener classes and their required dependencies available. Offending class: [javax/servlet/ServletContext]
19:18:46.824 [main] INFO org.springframework.boot.test.context.SpringBootTestContextBootstrapper - Using TestExecutionListeners: [org.springframework.test.context.support.DirtiesContextBeforeModesTestExecutionListener@6e01f9b0, org.springframework.boot.test.mock.mockito.MockitoTestExecutionListener@2b9ed6da, org.springframework.boot.test.autoconfigure.SpringBootDependencyInjectionTestExecutionListener@6c61a903, org.springframework.test.context.support.DirtiesContextTestExecutionListener@658c5a19, org.springframework.test.context.transaction.TransactionalTestExecutionListener@421e361, org.springframework.test.context.jdbc.SqlScriptsTestExecutionListener@59d4cd39, org.springframework.boot.test.mock.mockito.ResetMocksTestExecutionListener@389c4eb1, org.springframework.boot.test.autoconfigure.restdocs.RestDocsTestExecutionListener@3fc79729, org.springframework.boot.test.autoconfigure.web.client.MockRestServiceServerResetTestExecutionListener@34f6515b, org.springframework.boot.test.autoconfigure.web.servlet.MockMvcPrintOnlyOnFailureTestExecutionListener@4b34fff9, org.springframework.boot.test.autoconfigure.web.servlet.WebDriverTestExecutionListener@1187c9e8]
19:18:46.832 [main] DEBUG org.springframework.test.context.junit4.SpringJUnit4ClassRunner - SpringJUnit4ClassRunner constructor called with [class com.challenge.suite.ChallengeServiceTest]
19:18:46.834 [main] DEBUG org.springframework.test.context.BootstrapUtils - Instantiating CacheAwareContextLoaderDelegate from class [org.springframework.test.context.cache.DefaultCacheAwareContextLoaderDelegate]
19:18:46.835 [main] DEBUG org.springframework.test.context.BootstrapUtils - Instantiating BootstrapContext using constructor [public org.springframework.test.context.support.DefaultBootstrapContext(java.lang.Class,org.springframework.test.context.CacheAwareContextLoaderDelegate)]
19:18:46.838 [main] DEBUG org.springframework.test.context.BootstrapUtils - Instantiating TestContextBootstrapper for test class [com.challenge.suite.ChallengeServiceTest] from class [org.springframework.boot.test.context.SpringBootTestContextBootstrapper]
19:18:46.840 [main] INFO org.springframework.boot.test.context.SpringBootTestContextBootstrapper - Neither @ContextConfiguration nor @ContextHierarchy found for test class [com.challenge.suite.ChallengeServiceTest], using SpringBootContextLoader
19:18:46.841 [main] DEBUG org.springframework.test.context.support.AbstractContextLoader - Did not detect default resource location for test class [com.challenge.suite.ChallengeServiceTest]: class path resource [com/challenge/suite/ChallengeServiceTest-context.xml] does not exist
19:18:46.844 [main] DEBUG org.springframework.test.context.support.AbstractContextLoader - Did not detect default resource location for test class [com.challenge.suite.ChallengeServiceTest]: class path resource [com/challenge/suite/ChallengeServiceTestContext.groovy] does not exist
19:18:46.846 [main] INFO org.springframework.test.context.support.AbstractContextLoader - Could not detect default resource locations for test class [com.challenge.suite.ChallengeServiceTest]: no resource found for suffixes {-context.xml, Context.groovy}.
19:18:46.847 [main] INFO org.springframework.test.context.support.AnnotationConfigContextLoaderUtils - Could not detect default configuration classes for test class [com.challenge.suite.ChallengeServiceTest]: ChallengeServiceTest does not declare any static, non-private, non-final, nested classes annotated with @Configuration.
19:18:46.850 [main] DEBUG org.springframework.test.context.support.ActiveProfilesUtils - Could not find an 'annotation declaring class' for annotation type [org.springframework.test.context.ActiveProfiles] and class [com.challenge.suite.ChallengeServiceTest]
19:18:46.854 [main] INFO org.springframework.boot.test.context.SpringBootTestContextBootstrapper - Found @SpringBootConfiguration com.challenge.SpringChallengeApplication for test class com.challenge.suite.ChallengeServiceTest
19:18:46.859 [main] DEBUG org.springframework.boot.test.context.SpringBootTestContextBootstrapper - @TestExecutionListeners is not present for class [com.challenge.suite.ChallengeServiceTest]: using defaults.
19:18:46.860 [main] INFO org.springframework.boot.test.context.SpringBootTestContextBootstrapper - Loaded default TestExecutionListener class names from location [META-INF/spring.factories]: [org.springframework.boot.test.mock.mockito.MockitoTestExecutionListener, org.springframework.boot.test.mock.mockito.ResetMocksTestExecutionListener, org.springframework.boot.test.autoconfigure.restdocs.RestDocsTestExecutionListener, org.springframework.boot.test.autoconfigure.web.client.MockRestServiceServerResetTestExecutionListener, org.springframework.boot.test.autoconfigure.web.servlet.MockMvcPrintOnlyOnFailureTestExecutionListener, org.springframework.boot.test.autoconfigure.web.servlet.WebDriverTestExecutionListener, org.springframework.test.context.web.ServletTestExecutionListener, org.springframework.test.context.support.DirtiesContextBeforeModesTestExecutionListener, org.springframework.test.context.support.DependencyInjectionTestExecutionListener, org.springframework.test.context.support.DirtiesContextTestExecutionListener, org.springframework.test.context.transaction.TransactionalTestExecutionListener, org.springframework.test.context.jdbc.SqlScriptsTestExecutionListener]
19:18:46.867 [main] DEBUG org.springframework.boot.test.context.SpringBootTestContextBootstrapper - Skipping candidate TestExecutionListener [org.springframework.test.context.web.ServletTestExecutionListener] due to a missing dependency. Specify custom listener classes or make the default listener classes and their required dependencies available. Offending class: [javax/servlet/ServletContext]
19:18:46.868 [main] INFO org.springframework.boot.test.context.SpringBootTestContextBootstrapper - Using TestExecutionListeners: [org.springframework.test.context.support.DirtiesContextBeforeModesTestExecutionListener@78a773fd, org.springframework.boot.test.mock.mockito.MockitoTestExecutionListener@57c03d88, org.springframework.boot.test.autoconfigure.SpringBootDependencyInjectionTestExecutionListener@16aa8654, org.springframework.test.context.support.DirtiesContextTestExecutionListener@6d7fc27, org.springframework.test.context.transaction.TransactionalTestExecutionListener@45ac5f9b, org.springframework.test.context.jdbc.SqlScriptsTestExecutionListener@135606db, org.springframework.boot.test.mock.mockito.ResetMocksTestExecutionListener@518caac3, org.springframework.boot.test.autoconfigure.restdocs.RestDocsTestExecutionListener@68034211, org.springframework.boot.test.autoconfigure.web.client.MockRestServiceServerResetTestExecutionListener@4f74980d, org.springframework.boot.test.autoconfigure.web.servlet.MockMvcPrintOnlyOnFailureTestExecutionListener@6c372fe6, org.springframework.boot.test.autoconfigure.web.servlet.WebDriverTestExecutionListener@58594a11]
19:18:46.874 [main] DEBUG org.springframework.test.context.junit4.SpringJUnit4ClassRunner - SpringJUnit4ClassRunner constructor called with [class com.challenge.suite.CompanyServiceTest]
19:18:46.875 [main] DEBUG org.springframework.test.context.BootstrapUtils - Instantiating CacheAwareContextLoaderDelegate from class [org.springframework.test.context.cache.DefaultCacheAwareContextLoaderDelegate]
19:18:46.875 [main] DEBUG org.springframework.test.context.BootstrapUtils - Instantiating BootstrapContext using constructor [public org.springframework.test.context.support.DefaultBootstrapContext(java.lang.Class,org.springframework.test.context.CacheAwareContextLoaderDelegate)]
19:18:46.876 [main] DEBUG org.springframework.test.context.BootstrapUtils - Instantiating TestContextBootstrapper for test class [com.challenge.suite.CompanyServiceTest] from class [org.springframework.boot.test.context.SpringBootTestContextBootstrapper]
19:18:46.884 [main] INFO org.springframework.boot.test.context.SpringBootTestContextBootstrapper - Neither @ContextConfiguration nor @ContextHierarchy found for test class [com.challenge.suite.CompanyServiceTest], using SpringBootContextLoader
19:18:46.885 [main] DEBUG org.springframework.test.context.support.AbstractContextLoader - Did not detect default resource location for test class [com.challenge.suite.CompanyServiceTest]: class path resource [com/challenge/suite/CompanyServiceTest-context.xml] does not exist
19:18:46.888 [main] DEBUG org.springframework.test.context.support.AbstractContextLoader - Did not detect default resource location for test class [com.challenge.suite.CompanyServiceTest]: class path resource [com/challenge/suite/CompanyServiceTestContext.groovy] does not exist
19:18:46.890 [main] INFO org.springframework.test.context.support.AbstractContextLoader - Could not detect default resource locations for test class [com.challenge.suite.CompanyServiceTest]: no resource found for suffixes {-context.xml, Context.groovy}.
19:18:46.890 [main] INFO org.springframework.test.context.support.AnnotationConfigContextLoaderUtils - Could not detect default configuration classes for test class [com.challenge.suite.CompanyServiceTest]: CompanyServiceTest does not declare any static, non-private, non-final, nested classes annotated with @Configuration.
19:18:46.898 [main] DEBUG org.springframework.test.context.support.ActiveProfilesUtils - Could not find an 'annotation declaring class' for annotation type [org.springframework.test.context.ActiveProfiles] and class [com.challenge.suite.CompanyServiceTest]
19:18:46.899 [main] INFO org.springframework.boot.test.context.SpringBootTestContextBootstrapper - Found @SpringBootConfiguration com.challenge.SpringChallengeApplication for test class com.challenge.suite.CompanyServiceTest
19:18:46.907 [main] DEBUG org.springframework.boot.test.context.SpringBootTestContextBootstrapper - @TestExecutionListeners is not present for class [com.challenge.suite.CompanyServiceTest]: using defaults.
19:18:46.908 [main] INFO org.springframework.boot.test.context.SpringBootTestContextBootstrapper - Loaded default TestExecutionListener class names from location [META-INF/spring.factories]: [org.springframework.boot.test.mock.mockito.MockitoTestExecutionListener, org.springframework.boot.test.mock.mockito.ResetMocksTestExecutionListener, org.springframework.boot.test.autoconfigure.restdocs.RestDocsTestExecutionListener, org.springframework.boot.test.autoconfigure.web.client.MockRestServiceServerResetTestExecutionListener, org.springframework.boot.test.autoconfigure.web.servlet.MockMvcPrintOnlyOnFailureTestExecutionListener, org.springframework.boot.test.autoconfigure.web.servlet.WebDriverTestExecutionListener, org.springframework.test.context.web.ServletTestExecutionListener, org.springframework.test.context.support.DirtiesContextBeforeModesTestExecutionListener, org.springframework.test.context.support.DependencyInjectionTestExecutionListener, org.springframework.test.context.support.DirtiesContextTestExecutionListener, org.springframework.test.context.transaction.TransactionalTestExecutionListener, org.springframework.test.context.jdbc.SqlScriptsTestExecutionListener]
19:18:46.910 [main] DEBUG org.springframework.boot.test.context.SpringBootTestContextBootstrapper - Skipping candidate TestExecutionListener [org.springframework.test.context.web.ServletTestExecutionListener] due to a missing dependency. Specify custom listener classes or make the default listener classes and their required dependencies available. Offending class: [javax/servlet/ServletContext]
19:18:46.911 [main] INFO org.springframework.boot.test.context.SpringBootTestContextBootstrapper - Using TestExecutionListeners: [org.springframework.test.context.support.DirtiesContextBeforeModesTestExecutionListener@57ad2aa7, org.springframework.boot.test.mock.mockito.MockitoTestExecutionListener@5b3f61ff, org.springframework.boot.test.autoconfigure.SpringBootDependencyInjectionTestExecutionListener@3e2059ae, org.springframework.test.context.support.DirtiesContextTestExecutionListener@398dada8, org.springframework.test.context.transaction.TransactionalTestExecutionListener@7cb502c, org.springframework.test.context.jdbc.SqlScriptsTestExecutionListener@275bf9b3, org.springframework.boot.test.mock.mockito.ResetMocksTestExecutionListener@1b8a29df, org.springframework.boot.test.autoconfigure.restdocs.RestDocsTestExecutionListener@4fbe37eb, org.springframework.boot.test.autoconfigure.web.client.MockRestServiceServerResetTestExecutionListener@12a94400, org.springframework.boot.test.autoconfigure.web.servlet.MockMvcPrintOnlyOnFailureTestExecutionListener@6a47b187, org.springframework.boot.test.autoconfigure.web.servlet.WebDriverTestExecutionListener@2049a9c1]
19:18:46.914 [main] DEBUG org.springframework.test.context.junit4.SpringJUnit4ClassRunner - SpringJUnit4ClassRunner constructor called with [class com.challenge.suite.SubmissionServiceTest]
19:18:46.919 [main] DEBUG org.springframework.test.context.BootstrapUtils - Instantiating CacheAwareContextLoaderDelegate from class [org.springframework.test.context.cache.DefaultCacheAwareContextLoaderDelegate]
19:18:46.920 [main] DEBUG org.springframework.test.context.BootstrapUtils - Instantiating BootstrapContext using constructor [public org.springframework.test.context.support.DefaultBootstrapContext(java.lang.Class,org.springframework.test.context.CacheAwareContextLoaderDelegate)]
19:18:46.921 [main] DEBUG org.springframework.test.context.BootstrapUtils - Instantiating TestContextBootstrapper for test class [com.challenge.suite.SubmissionServiceTest] from class [org.springframework.boot.test.context.SpringBootTestContextBootstrapper]
19:18:46.924 [main] INFO org.springframework.boot.test.context.SpringBootTestContextBootstrapper - Neither @ContextConfiguration nor @ContextHierarchy found for test class [com.challenge.suite.SubmissionServiceTest], using SpringBootContextLoader
19:18:46.925 [main] DEBUG org.springframework.test.context.support.AbstractContextLoader - Did not detect default resource location for test class [com.challenge.suite.SubmissionServiceTest]: class path resource [com/challenge/suite/SubmissionServiceTest-context.xml] does not exist
19:18:46.926 [main] DEBUG org.springframework.test.context.support.AbstractContextLoader - Did not detect default resource location for test class [com.challenge.suite.SubmissionServiceTest]: class path resource [com/challenge/suite/SubmissionServiceTestContext.groovy] does not exist
19:18:46.926 [main] INFO org.springframework.test.context.support.AbstractContextLoader - Could not detect default resource locations for test class [com.challenge.suite.SubmissionServiceTest]: no resource found for suffixes {-context.xml, Context.groovy}.
19:18:46.932 [main] INFO org.springframework.test.context.support.AnnotationConfigContextLoaderUtils - Could not detect default configuration classes for test class [com.challenge.suite.SubmissionServiceTest]: SubmissionServiceTest does not declare any static, non-private, non-final, nested classes annotated with @Configuration.
19:18:46.934 [main] DEBUG org.springframework.test.context.support.ActiveProfilesUtils - Could not find an 'annotation declaring class' for annotation type [org.springframework.test.context.ActiveProfiles] and class [com.challenge.suite.SubmissionServiceTest]
19:18:46.938 [main] INFO org.springframework.boot.test.context.SpringBootTestContextBootstrapper - Found @SpringBootConfiguration com.challenge.SpringChallengeApplication for test class com.challenge.suite.SubmissionServiceTest
19:18:46.945 [main] DEBUG org.springframework.boot.test.context.SpringBootTestContextBootstrapper - @TestExecutionListeners is not present for class [com.challenge.suite.SubmissionServiceTest]: using defaults.
19:18:46.946 [main] INFO org.springframework.boot.test.context.SpringBootTestContextBootstrapper - Loaded default TestExecutionListener class names from location [META-INF/spring.factories]: [org.springframework.boot.test.mock.mockito.MockitoTestExecutionListener, org.springframework.boot.test.mock.mockito.ResetMocksTestExecutionListener, org.springframework.boot.test.autoconfigure.restdocs.RestDocsTestExecutionListener, org.springframework.boot.test.autoconfigure.web.client.MockRestServiceServerResetTestExecutionListener, org.springframework.boot.test.autoconfigure.web.servlet.MockMvcPrintOnlyOnFailureTestExecutionListener, org.springframework.boot.test.autoconfigure.web.servlet.WebDriverTestExecutionListener, org.springframework.test.context.web.ServletTestExecutionListener, org.springframework.test.context.support.DirtiesContextBeforeModesTestExecutionListener, org.springframework.test.context.support.DependencyInjectionTestExecutionListener, org.springframework.test.context.support.DirtiesContextTestExecutionListener, org.springframework.test.context.transaction.TransactionalTestExecutionListener, org.springframework.test.context.jdbc.SqlScriptsTestExecutionListener]
19:18:46.947 [main] DEBUG org.springframework.boot.test.context.SpringBootTestContextBootstrapper - Skipping candidate TestExecutionListener [org.springframework.test.context.web.ServletTestExecutionListener] due to a missing dependency. Specify custom listener classes or make the default listener classes and their required dependencies available. Offending class: [javax/servlet/ServletContext]
19:18:46.948 [main] INFO org.springframework.boot.test.context.SpringBootTestContextBootstrapper - Using TestExecutionListeners: [org.springframework.test.context.support.DirtiesContextBeforeModesTestExecutionListener@11bb571c, org.springframework.boot.test.mock.mockito.MockitoTestExecutionListener@7c51f34b, org.springframework.boot.test.autoconfigure.SpringBootDependencyInjectionTestExecutionListener@5495333e, org.springframework.test.context.support.DirtiesContextTestExecutionListener@2a225dd7, org.springframework.test.context.transaction.TransactionalTestExecutionListener@61eaec38, org.springframework.test.context.jdbc.SqlScriptsTestExecutionListener@125290e5, org.springframework.boot.test.mock.mockito.ResetMocksTestExecutionListener@6fa34d52, org.springframework.boot.test.autoconfigure.restdocs.RestDocsTestExecutionListener@57576994, org.springframework.boot.test.autoconfigure.web.client.MockRestServiceServerResetTestExecutionListener@616ac46a, org.springframework.boot.test.autoconfigure.web.servlet.MockMvcPrintOnlyOnFailureTestExecutionListener@67b9b51a, org.springframework.boot.test.autoconfigure.web.servlet.WebDriverTestExecutionListener@1205bd62]
19:18:46.955 [main] DEBUG org.springframework.test.context.junit4.SpringJUnit4ClassRunner - SpringJUnit4ClassRunner constructor called with [class com.challenge.suite.UserServiceTest]
19:18:46.957 [main] DEBUG org.springframework.test.context.BootstrapUtils - Instantiating CacheAwareContextLoaderDelegate from class [org.springframework.test.context.cache.DefaultCacheAwareContextLoaderDelegate]
19:18:46.958 [main] DEBUG org.springframework.test.context.BootstrapUtils - Instantiating BootstrapContext using constructor [public org.springframework.test.context.support.DefaultBootstrapContext(java.lang.Class,org.springframework.test.context.CacheAwareContextLoaderDelegate)]
19:18:46.964 [main] DEBUG org.springframework.test.context.BootstrapUtils - Instantiating TestContextBootstrapper for test class [com.challenge.suite.UserServiceTest] from class [org.springframework.boot.test.context.SpringBootTestContextBootstrapper]
19:18:46.965 [main] INFO org.springframework.boot.test.context.SpringBootTestContextBootstrapper - Neither @ContextConfiguration nor @ContextHierarchy found for test class [com.challenge.suite.UserServiceTest], using SpringBootContextLoader
19:18:46.966 [main] DEBUG org.springframework.test.context.support.AbstractContextLoader - Did not detect default resource location for test class [com.challenge.suite.UserServiceTest]: class path resource [com/challenge/suite/UserServiceTest-context.xml] does not exist
19:18:46.967 [main] DEBUG org.springframework.test.context.support.AbstractContextLoader - Did not detect default resource location for test class [com.challenge.suite.UserServiceTest]: class path resource [com/challenge/suite/UserServiceTestContext.groovy] does not exist
19:18:46.967 [main] INFO org.springframework.test.context.support.AbstractContextLoader - Could not detect default resource locations for test class [com.challenge.suite.UserServiceTest]: no resource found for suffixes {-context.xml, Context.groovy}.
19:18:46.968 [main] INFO org.springframework.test.context.support.AnnotationConfigContextLoaderUtils - Could not detect default configuration classes for test class [com.challenge.suite.UserServiceTest]: UserServiceTest does not declare any static, non-private, non-final, nested classes annotated with @Configuration.
19:18:46.971 [main] DEBUG org.springframework.test.context.support.ActiveProfilesUtils - Could not find an 'annotation declaring class' for annotation type [org.springframework.test.context.ActiveProfiles] and class [com.challenge.suite.UserServiceTest]
19:18:46.972 [main] INFO org.springframework.boot.test.context.SpringBootTestContextBootstrapper - Found @SpringBootConfiguration com.challenge.SpringChallengeApplication for test class com.challenge.suite.UserServiceTest
19:18:46.974 [main] DEBUG org.springframework.boot.test.context.SpringBootTestContextBootstrapper - @TestExecutionListeners is not present for class [com.challenge.suite.UserServiceTest]: using defaults.
19:18:46.975 [main] INFO org.springframework.boot.test.context.SpringBootTestContextBootstrapper - Loaded default TestExecutionListener class names from location [META-INF/spring.factories]: [org.springframework.boot.test.mock.mockito.MockitoTestExecutionListener, org.springframework.boot.test.mock.mockito.ResetMocksTestExecutionListener, org.springframework.boot.test.autoconfigure.restdocs.RestDocsTestExecutionListener, org.springframework.boot.test.autoconfigure.web.client.MockRestServiceServerResetTestExecutionListener, org.springframework.boot.test.autoconfigure.web.servlet.MockMvcPrintOnlyOnFailureTestExecutionListener, org.springframework.boot.test.autoconfigure.web.servlet.WebDriverTestExecutionListener, org.springframework.test.context.web.ServletTestExecutionListener, org.springframework.test.context.support.DirtiesContextBeforeModesTestExecutionListener, org.springframework.test.context.support.DependencyInjectionTestExecutionListener, org.springframework.test.context.support.DirtiesContextTestExecutionListener, org.springframework.test.context.transaction.TransactionalTestExecutionListener, org.springframework.test.context.jdbc.SqlScriptsTestExecutionListener]
19:18:46.976 [main] DEBUG org.springframework.boot.test.context.SpringBootTestContextBootstrapper - Skipping candidate TestExecutionListener [org.springframework.test.context.web.ServletTestExecutionListener] due to a missing dependency. Specify custom listener classes or make the default listener classes and their required dependencies available. Offending class: [javax/servlet/ServletContext]
19:18:46.976 [main] INFO org.springframework.boot.test.context.SpringBootTestContextBootstrapper - Using TestExecutionListeners: [org.springframework.test.context.support.DirtiesContextBeforeModesTestExecutionListener@4032d386, org.springframework.boot.test.mock.mockito.MockitoTestExecutionListener@28d18df5, org.springframework.boot.test.autoconfigure.SpringBootDependencyInjectionTestExecutionListener@934b6cb, org.springframework.test.context.support.DirtiesContextTestExecutionListener@55cf0d14, org.springframework.test.context.transaction.TransactionalTestExecutionListener@3b74ac8, org.springframework.test.context.jdbc.SqlScriptsTestExecutionListener@27adc16e, org.springframework.boot.test.mock.mockito.ResetMocksTestExecutionListener@b83a9be, org.springframework.boot.test.autoconfigure.restdocs.RestDocsTestExecutionListener@2609b277, org.springframework.boot.test.autoconfigure.web.client.MockRestServiceServerResetTestExecutionListener@1fd14d74, org.springframework.boot.test.autoconfigure.web.servlet.MockMvcPrintOnlyOnFailureTestExecutionListener@563e4951, org.springframework.boot.test.autoconfigure.web.servlet.WebDriverTestExecutionListener@4066c471]
19:18:46.980 [main] DEBUG org.springframework.test.annotation.ProfileValueUtils - Retrieved @ProfileValueSourceConfiguration [null] for test class [com.challenge.suite.AccelerationServiceTest]
19:18:46.981 [main] DEBUG org.springframework.test.annotation.ProfileValueUtils - Retrieved ProfileValueSource type [class org.springframework.test.annotation.SystemProfileValueSource] for class [com.challenge.suite.AccelerationServiceTest]
19:18:46.982 [main] DEBUG org.springframework.test.annotation.ProfileValueUtils - Retrieved @ProfileValueSourceConfiguration [null] for test class [com.challenge.suite.CandidateServiceTest]
19:18:46.982 [main] DEBUG org.springframework.test.annotation.ProfileValueUtils - Retrieved ProfileValueSource type [class org.springframework.test.annotation.SystemProfileValueSource] for class [com.challenge.suite.CandidateServiceTest]
19:18:46.983 [main] DEBUG org.springframework.test.annotation.ProfileValueUtils - Retrieved @ProfileValueSourceConfiguration [null] for test class [com.challenge.suite.ChallengeServiceTest]
19:18:46.983 [main] DEBUG org.springframework.test.annotation.ProfileValueUtils - Retrieved ProfileValueSource type [class org.springframework.test.annotation.SystemProfileValueSource] for class [com.challenge.suite.ChallengeServiceTest]
19:18:46.983 [main] DEBUG org.springframework.test.annotation.ProfileValueUtils - Retrieved @ProfileValueSourceConfiguration [null] for test class [com.challenge.suite.CompanyServiceTest]
19:18:46.983 [main] DEBUG org.springframework.test.annotation.ProfileValueUtils - Retrieved ProfileValueSource type [class org.springframework.test.annotation.SystemProfileValueSource] for class [com.challenge.suite.CompanyServiceTest]
19:18:46.984 [main] DEBUG org.springframework.test.annotation.ProfileValueUtils - Retrieved @ProfileValueSourceConfiguration [null] for test class [com.challenge.suite.SubmissionServiceTest]
19:18:46.984 [main] DEBUG org.springframework.test.annotation.ProfileValueUtils - Retrieved ProfileValueSource type [class org.springframework.test.annotation.SystemProfileValueSource] for class [com.challenge.suite.SubmissionServiceTest]
19:18:46.985 [main] DEBUG org.springframework.test.annotation.ProfileValueUtils - Retrieved @ProfileValueSourceConfiguration [null] for test class [com.challenge.suite.UserServiceTest]
19:18:46.985 [main] DEBUG org.springframework.test.annotation.ProfileValueUtils - Retrieved ProfileValueSource type [class org.springframework.test.annotation.SystemProfileValueSource] for class [com.challenge.suite.UserServiceTest]
19:18:46.988 [main] DEBUG org.springframework.test.annotation.ProfileValueUtils - Retrieved @ProfileValueSourceConfiguration [null] for test class [com.challenge.suite.AccelerationServiceTest]
19:18:46.988 [main] DEBUG org.springframework.test.annotation.ProfileValueUtils - Retrieved ProfileValueSource type [class org.springframework.test.annotation.SystemProfileValueSource] for class [com.challenge.suite.AccelerationServiceTest]
19:18:46.990 [main] DEBUG org.springframework.test.annotation.ProfileValueUtils - Retrieved @ProfileValueSourceConfiguration [null] for test class [com.challenge.suite.CandidateServiceTest]
19:18:46.991 [main] DEBUG org.springframework.test.annotation.ProfileValueUtils - Retrieved ProfileValueSource type [class org.springframework.test.annotation.SystemProfileValueSource] for class [com.challenge.suite.CandidateServiceTest]
19:18:46.991 [main] DEBUG org.springframework.test.annotation.ProfileValueUtils - Retrieved @ProfileValueSourceConfiguration [null] for test class [com.challenge.suite.ChallengeServiceTest]
19:18:46.991 [main] DEBUG org.springframework.test.annotation.ProfileValueUtils - Retrieved ProfileValueSource type [class org.springframework.test.annotation.SystemProfileValueSource] for class [com.challenge.suite.ChallengeServiceTest]
19:18:46.991 [main] DEBUG org.springframework.test.annotation.ProfileValueUtils - Retrieved @ProfileValueSourceConfiguration [null] for test class [com.challenge.suite.CompanyServiceTest]
19:18:46.992 [main] DEBUG org.springframework.test.annotation.ProfileValueUtils - Retrieved ProfileValueSource type [class org.springframework.test.annotation.SystemProfileValueSource] for class [com.challenge.suite.CompanyServiceTest]
19:18:46.995 [main] DEBUG org.springframework.test.annotation.ProfileValueUtils - Retrieved @ProfileValueSourceConfiguration [null] for test class [com.challenge.suite.SubmissionServiceTest]
19:18:46.996 [main] DEBUG org.springframework.test.annotation.ProfileValueUtils - Retrieved ProfileValueSource type [class org.springframework.test.annotation.SystemProfileValueSource] for class [com.challenge.suite.SubmissionServiceTest]
19:18:46.996 [main] DEBUG org.springframework.test.annotation.ProfileValueUtils - Retrieved @ProfileValueSourceConfiguration [null] for test class [com.challenge.suite.UserServiceTest]
19:18:46.996 [main] DEBUG org.springframework.test.annotation.ProfileValueUtils - Retrieved ProfileValueSource type [class org.springframework.test.annotation.SystemProfileValueSource] for class [com.challenge.suite.UserServiceTest]
19:18:46.997 [main] DEBUG org.springframework.test.annotation.ProfileValueUtils - Retrieved @ProfileValueSourceConfiguration [null] for test class [com.challenge.suite.AccelerationServiceTest]
19:18:47.003 [main] DEBUG org.springframework.test.annotation.ProfileValueUtils - Retrieved ProfileValueSource type [class org.springframework.test.annotation.SystemProfileValueSource] for class [com.challenge.suite.AccelerationServiceTest]
19:18:47.004 [main] DEBUG org.springframework.test.annotation.ProfileValueUtils - Retrieved @ProfileValueSourceConfiguration [null] for test class [com.challenge.suite.AccelerationServiceTest]
19:18:47.004 [main] DEBUG org.springframework.test.annotation.ProfileValueUtils - Retrieved ProfileValueSource type [class org.springframework.test.annotation.SystemProfileValueSource] for class [com.challenge.suite.AccelerationServiceTest]
19:18:47.015 [main] DEBUG org.springframework.test.context.support.AbstractDirtiesContextTestExecutionListener - Before test class: context [DefaultTestContext@147a5d08 testClass = AccelerationServiceTest, testInstance = [null], testMethod = [null], testException = [null], mergedContextConfiguration = [MergedContextConfiguration@6676f6a0 testClass = AccelerationServiceTest, locations = '{}', classes = '{class com.challenge.SpringChallengeApplication}', contextInitializerClasses = '[]', activeProfiles = '{}', propertySourceLocations = '{}', propertySourceProperties = '{org.springframework.boot.test.context.SpringBootTestContextBootstrapper=true}', contextCustomizers = set[org.springframework.boot.test.context.filter.ExcludeFilterContextCustomizer@fa36558, org.springframework.boot.test.json.DuplicateJsonObjectContextCustomizerFactory$DuplicateJsonObjectContextCustomizer@3f56875e, org.springframework.boot.test.mock.mockito.MockitoContextCustomizer@0, org.springframework.boot.test.web.client.TestRestTemplateContextCustomizer@3943a2be, org.springframework.boot.test.autoconfigure.properties.PropertyMappingContextCustomizer@0, org.springframework.boot.test.autoconfigure.web.servlet.WebDriverContextCustomizerFactory$Customizer@2525ff7e], contextLoader = 'org.springframework.boot.test.context.SpringBootContextLoader', parent = [null]], attributes = map[[empty]]], class annotated with @DirtiesContext [false] with mode [null].
19:18:47.015 [main] DEBUG org.springframework.test.annotation.ProfileValueUtils - Retrieved @ProfileValueSourceConfiguration [null] for test class [com.challenge.suite.AccelerationServiceTest]
19:18:47.015 [main] DEBUG org.springframework.test.annotation.ProfileValueUtils - Retrieved ProfileValueSource type [class org.springframework.test.annotation.SystemProfileValueSource] for class [com.challenge.suite.AccelerationServiceTest]
19:18:47.028 [main] DEBUG org.springframework.test.context.support.DependencyInjectionTestExecutionListener - Performing dependency injection for test context [[DefaultTestContext@147a5d08 testClass = AccelerationServiceTest, testInstance = com.challenge.suite.AccelerationServiceTest@63eef88a, testMethod = [null], testException = [null], mergedContextConfiguration = [MergedContextConfiguration@6676f6a0 testClass = AccelerationServiceTest, locations = '{}', classes = '{class com.challenge.SpringChallengeApplication}', contextInitializerClasses = '[]', activeProfiles = '{}', propertySourceLocations = '{}', propertySourceProperties = '{org.springframework.boot.test.context.SpringBootTestContextBootstrapper=true}', contextCustomizers = set[org.springframework.boot.test.context.filter.ExcludeFilterContextCustomizer@fa36558, org.springframework.boot.test.json.DuplicateJsonObjectContextCustomizerFactory$DuplicateJsonObjectContextCustomizer@3f56875e, org.springframework.boot.test.mock.mockito.MockitoContextCustomizer@0, org.springframework.boot.test.web.client.TestRestTemplateContextCustomizer@3943a2be, org.springframework.boot.test.autoconfigure.properties.PropertyMappingContextCustomizer@0, org.springframework.boot.test.autoconfigure.web.servlet.WebDriverContextCustomizerFactory$Customizer@2525ff7e], contextLoader = 'org.springframework.boot.test.context.SpringBootContextLoader', parent = [null]], attributes = map[[empty]]]].
19:18:47.082 [main] DEBUG org.springframework.test.context.support.TestPropertySourceUtils - Adding inlined properties to environment: {spring.jmx.enabled=false, org.springframework.boot.test.context.SpringBootTestContextBootstrapper=true, server.port=-1}

  .   ____          _            __ _ _
 /\\ / ___'_ __ _ _(_)_ __  __ _ \ \ \ \
( ( )\___ | '_ | '_| | '_ \/ _` | \ \ \ \
 \\/  ___)| |_)| | | | | || (_| |  ) ) ) )
  '  |____| .__|_| |_|_| |_\__, | / / / /
 =========|_|==============|___/=/_/_/_/
 :: Spring Boot ::        (v2.1.6.RELEASE)

2021-06-07 19:18:47.542  INFO 48680 --- [           main] c.c.suite.AccelerationServiceTest        : Starting AccelerationServiceTest on danieleperse-dell-n4050 with PID 48680 (started by danieleperse in /home/danieleperse/codenation/java-10)
2021-06-07 19:18:47.546  INFO 48680 --- [           main] c.c.suite.AccelerationServiceTest        : No active profile set, falling back to default profiles: default
2021-06-07 19:18:48.344  INFO 48680 --- [           main] .s.d.r.c.RepositoryConfigurationDelegate : Bootstrapping Spring Data repositories in DEFAULT mode.
2021-06-07 19:18:48.507  INFO 48680 --- [           main] .s.d.r.c.RepositoryConfigurationDelegate : Finished Spring Data repository scanning in 152ms. Found 6 repository interfaces.
2021-06-07 19:18:49.466  INFO 48680 --- [           main] com.zaxxer.hikari.HikariDataSource       : HikariPool-1 - Starting...
2021-06-07 19:18:49.782  INFO 48680 --- [           main] com.zaxxer.hikari.HikariDataSource       : HikariPool-1 - Start completed.
2021-06-07 19:18:49.964  INFO 48680 --- [           main] o.hibernate.jpa.internal.util.LogHelper  : HHH000204: Processing PersistenceUnitInfo [
	name: default
	...]
2021-06-07 19:18:50.080  INFO 48680 --- [           main] org.hibernate.Version                    : HHH000412: Hibernate Core {5.3.10.Final}
2021-06-07 19:18:50.085  INFO 48680 --- [           main] org.hibernate.cfg.Environment            : HHH000206: hibernate.properties not found
2021-06-07 19:18:50.311  INFO 48680 --- [           main] o.hibernate.annotations.common.Version   : HCANN000001: Hibernate Commons Annotations {5.0.4.Final}
2021-06-07 19:18:50.528  INFO 48680 --- [           main] org.hibernate.dialect.Dialect            : HHH000400: Using dialect: org.hibernate.dialect.H2Dialect
Hibernate: drop table acceleration if exists
Hibernate: drop table candidate if exists
Hibernate: drop table challenge if exists
Hibernate: drop table company if exists
Hibernate: drop table submission if exists
Hibernate: drop table users if exists
Hibernate: create table acceleration (id bigint generated by default as identity, created_at timestamp, name varchar(255), slug varchar(255), challenge_id bigint, primary key (id))
Hibernate: create table candidate (created_at timestamp, status integer, user_id bigint not null, company_id bigint not null, acceleration_id bigint not null, primary key (acceleration_id, company_id, user_id))
Hibernate: create table challenge (id bigint generated by default as identity, created_at timestamp, name varchar(255), slug varchar(255), primary key (id))
Hibernate: create table company (id bigint generated by default as identity, created_at timestamp, name varchar(255), slug varchar(255), primary key (id))
Hibernate: create table submission (created_at timestamp, score float, user_id bigint not null, challenge_id bigint not null, primary key (challenge_id, user_id))
Hibernate: create table users (id bigint generated by default as identity, created_at timestamp, email varchar(255), full_name varchar(255), nickname varchar(255), password varchar(255), primary key (id))
Hibernate: alter table acceleration add constraint FK6bucejmky2hqhcmj6vexf9tkp foreign key (challenge_id) references challenge
Hibernate: alter table candidate add constraint FKc23nbdgfce6rnt56ofltvxu71 foreign key (user_id) references users
Hibernate: alter table candidate add constraint FK5859evebv1forwxno1dj2x73m foreign key (company_id) references company
Hibernate: alter table candidate add constraint FK9wdl31wkstau7n5wckm5prkdg foreign key (acceleration_id) references acceleration
Hibernate: alter table submission add constraint FKioe5xddu66v3aktrkyxj4vfx9 foreign key (user_id) references users
Hibernate: alter table submission add constraint FK5w6mihcq53t1j5x2cmgy640cm foreign key (challenge_id) references challenge
2021-06-07 19:18:51.632  INFO 48680 --- [           main] o.h.t.schema.internal.SchemaCreatorImpl  : HHH000476: Executing import script 'org.hibernate.tool.schema.internal.exec.ScriptSourceInputNonExistentImpl@12166229'
2021-06-07 19:18:51.636  INFO 48680 --- [           main] j.LocalContainerEntityManagerFactoryBean : Initialized JPA EntityManagerFactory for persistence unit 'default'
2021-06-07 19:18:52.307  INFO 48680 --- [           main] o.h.h.i.QueryTranslatorFactoryInitiator  : HHH000397: Using ASTQueryTranslatorFactory
2021-06-07 19:18:52.921  INFO 48680 --- [           main] c.c.suite.AccelerationServiceTest        : Started AccelerationServiceTest in 5.837 seconds (JVM running for 7.448)
2021-06-07 19:18:52.944  INFO 48680 --- [           main] o.s.t.c.transaction.TransactionContext   : Began transaction (1) for test context [DefaultTestContext@147a5d08 testClass = AccelerationServiceTest, testInstance = com.challenge.suite.AccelerationServiceTest@63eef88a, testMethod = whenFindByCompanyId@AccelerationServiceTest, testException = [null], mergedContextConfiguration = [MergedContextConfiguration@6676f6a0 testClass = AccelerationServiceTest, locations = '{}', classes = '{class com.challenge.SpringChallengeApplication}', contextInitializerClasses = '[]', activeProfiles = '{}', propertySourceLocations = '{}', propertySourceProperties = '{org.springframework.boot.test.context.SpringBootTestContextBootstrapper=true}', contextCustomizers = set[org.springframework.boot.test.context.filter.ExcludeFilterContextCustomizer@fa36558, org.springframework.boot.test.json.DuplicateJsonObjectContextCustomizerFactory$DuplicateJsonObjectContextCustomizer@3f56875e, org.springframework.boot.test.mock.mockito.MockitoContextCustomizer@0, org.springframework.boot.test.web.client.TestRestTemplateContextCustomizer@3943a2be, org.springframework.boot.test.autoconfigure.properties.PropertyMappingContextCustomizer@0, org.springframework.boot.test.autoconfigure.web.servlet.WebDriverContextCustomizerFactory$Customizer@2525ff7e], contextLoader = 'org.springframework.boot.test.context.SpringBootContextLoader', parent = [null]], attributes = map[[empty]]]; transaction manager [org.springframework.orm.jpa.JpaTransactionManager@2dd2ff87]; rollback [true]
Hibernate: select accelerati1_.id as id1_0_, accelerati1_.challenge_id as challeng5_0_, accelerati1_.created_at as created_2_0_, accelerati1_.name as name3_0_, accelerati1_.slug as slug4_0_ from candidate candidate0_ inner join acceleration accelerati1_ on candidate0_.acceleration_id=accelerati1_.id where candidate0_.company_id=?
Hibernate: select challenge0_.id as id1_2_0_, challenge0_.created_at as created_2_2_0_, challenge0_.name as name3_2_0_, challenge0_.slug as slug4_2_0_ from challenge challenge0_ where challenge0_.id=?
2021-06-07 19:18:53.159  INFO 48680 --- [           main] o.s.t.c.transaction.TransactionContext   : Rolled back transaction for test: [DefaultTestContext@147a5d08 testClass = AccelerationServiceTest, testInstance = com.challenge.suite.AccelerationServiceTest@63eef88a, testMethod = whenFindByCompanyId@AccelerationServiceTest, testException = [null], mergedContextConfiguration = [MergedContextConfiguration@6676f6a0 testClass = AccelerationServiceTest, locations = '{}', classes = '{class com.challenge.SpringChallengeApplication}', contextInitializerClasses = '[]', activeProfiles = '{}', propertySourceLocations = '{}', propertySourceProperties = '{org.springframework.boot.test.context.SpringBootTestContextBootstrapper=true}', contextCustomizers = set[org.springframework.boot.test.context.filter.ExcludeFilterContextCustomizer@fa36558, org.springframework.boot.test.json.DuplicateJsonObjectContextCustomizerFactory$DuplicateJsonObjectContextCustomizer@3f56875e, org.springframework.boot.test.mock.mockito.MockitoContextCustomizer@0, org.springframework.boot.test.web.client.TestRestTemplateContextCustomizer@3943a2be, org.springframework.boot.test.autoconfigure.properties.PropertyMappingContextCustomizer@0, org.springframework.boot.test.autoconfigure.web.servlet.WebDriverContextCustomizerFactory$Customizer@2525ff7e], contextLoader = 'org.springframework.boot.test.context.SpringBootContextLoader', parent = [null]], attributes = map[[empty]]]
2021-06-07 19:18:53.163  INFO 48680 --- [           main] o.s.t.c.transaction.TransactionContext   : Began transaction (1) for test context [DefaultTestContext@147a5d08 testClass = AccelerationServiceTest, testInstance = com.challenge.suite.AccelerationServiceTest@2f112ade, testMethod = whenFindById@AccelerationServiceTest, testException = [null], mergedContextConfiguration = [MergedContextConfiguration@6676f6a0 testClass = AccelerationServiceTest, locations = '{}', classes = '{class com.challenge.SpringChallengeApplication}', contextInitializerClasses = '[]', activeProfiles = '{}', propertySourceLocations = '{}', propertySourceProperties = '{org.springframework.boot.test.context.SpringBootTestContextBootstrapper=true}', contextCustomizers = set[org.springframework.boot.test.context.filter.ExcludeFilterContextCustomizer@fa36558, org.springframework.boot.test.json.DuplicateJsonObjectContextCustomizerFactory$DuplicateJsonObjectContextCustomizer@3f56875e, org.springframework.boot.test.mock.mockito.MockitoContextCustomizer@0, org.springframework.boot.test.web.client.TestRestTemplateContextCustomizer@3943a2be, org.springframework.boot.test.autoconfigure.properties.PropertyMappingContextCustomizer@0, org.springframework.boot.test.autoconfigure.web.servlet.WebDriverContextCustomizerFactory$Customizer@2525ff7e], contextLoader = 'org.springframework.boot.test.context.SpringBootContextLoader', parent = [null]], attributes = map[[empty]]]; transaction manager [org.springframework.orm.jpa.JpaTransactionManager@2dd2ff87]; rollback [true]
Hibernate: select accelerati0_.id as id1_0_0_, accelerati0_.challenge_id as challeng5_0_0_, accelerati0_.created_at as created_2_0_0_, accelerati0_.name as name3_0_0_, accelerati0_.slug as slug4_0_0_, challenge1_.id as id1_2_1_, challenge1_.created_at as created_2_2_1_, challenge1_.name as name3_2_1_, challenge1_.slug as slug4_2_1_ from acceleration accelerati0_ left outer join challenge challenge1_ on accelerati0_.challenge_id=challenge1_.id where accelerati0_.id=?
2021-06-07 19:18:53.194  INFO 48680 --- [           main] o.s.t.c.transaction.TransactionContext   : Rolled back transaction for test: [DefaultTestContext@147a5d08 testClass = AccelerationServiceTest, testInstance = com.challenge.suite.AccelerationServiceTest@2f112ade, testMethod = whenFindById@AccelerationServiceTest, testException = [null], mergedContextConfiguration = [MergedContextConfiguration@6676f6a0 testClass = AccelerationServiceTest, locations = '{}', classes = '{class com.challenge.SpringChallengeApplication}', contextInitializerClasses = '[]', activeProfiles = '{}', propertySourceLocations = '{}', propertySourceProperties = '{org.springframework.boot.test.context.SpringBootTestContextBootstrapper=true}', contextCustomizers = set[org.springframework.boot.test.context.filter.ExcludeFilterContextCustomizer@fa36558, org.springframework.boot.test.json.DuplicateJsonObjectContextCustomizerFactory$DuplicateJsonObjectContextCustomizer@3f56875e, org.springframework.boot.test.mock.mockito.MockitoContextCustomizer@0, org.springframework.boot.test.web.client.TestRestTemplateContextCustomizer@3943a2be, org.springframework.boot.test.autoconfigure.properties.PropertyMappingContextCustomizer@0, org.springframework.boot.test.autoconfigure.web.servlet.WebDriverContextCustomizerFactory$Customizer@2525ff7e], contextLoader = 'org.springframework.boot.test.context.SpringBootContextLoader', parent = [null]], attributes = map[[empty]]]
2021-06-07 19:18:53.209  INFO 48680 --- [           main] o.s.t.c.transaction.TransactionContext   : Began transaction (1) for test context [DefaultTestContext@7c02b3cb testClass = CandidateServiceTest, testInstance = com.challenge.suite.CandidateServiceTest@3d8fd373, testMethod = whenFindByCompanyId@CandidateServiceTest, testException = [null], mergedContextConfiguration = [MergedContextConfiguration@2dcd451f testClass = CandidateServiceTest, locations = '{}', classes = '{class com.challenge.SpringChallengeApplication}', contextInitializerClasses = '[]', activeProfiles = '{}', propertySourceLocations = '{}', propertySourceProperties = '{org.springframework.boot.test.context.SpringBootTestContextBootstrapper=true}', contextCustomizers = set[org.springframework.boot.test.context.filter.ExcludeFilterContextCustomizer@fa36558, org.springframework.boot.test.json.DuplicateJsonObjectContextCustomizerFactory$DuplicateJsonObjectContextCustomizer@3f56875e, org.springframework.boot.test.mock.mockito.MockitoContextCustomizer@0, org.springframework.boot.test.web.client.TestRestTemplateContextCustomizer@3943a2be, org.springframework.boot.test.autoconfigure.properties.PropertyMappingContextCustomizer@0, org.springframework.boot.test.autoconfigure.web.servlet.WebDriverContextCustomizerFactory$Customizer@2525ff7e], contextLoader = 'org.springframework.boot.test.context.SpringBootContextLoader', parent = [null]], attributes = map[[empty]]]; transaction manager [org.springframework.orm.jpa.JpaTransactionManager@2dd2ff87]; rollback [true]
Hibernate: select candidate0_.acceleration_id as accelera5_1_, candidate0_.company_id as company_4_1_, candidate0_.user_id as user_id3_1_, candidate0_.created_at as created_1_1_, candidate0_.status as status2_1_ from candidate candidate0_ where candidate0_.company_id=?
Hibernate: select accelerati0_.id as id1_0_0_, accelerati0_.challenge_id as challeng5_0_0_, accelerati0_.created_at as created_2_0_0_, accelerati0_.name as name3_0_0_, accelerati0_.slug as slug4_0_0_, challenge1_.id as id1_2_1_, challenge1_.created_at as created_2_2_1_, challenge1_.name as name3_2_1_, challenge1_.slug as slug4_2_1_ from acceleration accelerati0_ left outer join challenge challenge1_ on accelerati0_.challenge_id=challenge1_.id where accelerati0_.id=?
Hibernate: select company0_.id as id1_3_0_, company0_.created_at as created_2_3_0_, company0_.name as name3_3_0_, company0_.slug as slug4_3_0_ from company company0_ where company0_.id=?
Hibernate: select user0_.id as id1_5_0_, user0_.created_at as created_2_5_0_, user0_.email as email3_5_0_, user0_.full_name as full_nam4_5_0_, user0_.nickname as nickname5_5_0_, user0_.password as password6_5_0_ from users user0_ where user0_.id=?
Hibernate: select user0_.id as id1_5_0_, user0_.created_at as created_2_5_0_, user0_.email as email3_5_0_, user0_.full_name as full_nam4_5_0_, user0_.nickname as nickname5_5_0_, user0_.password as password6_5_0_ from users user0_ where user0_.id=?
Hibernate: select user0_.id as id1_5_0_, user0_.created_at as created_2_5_0_, user0_.email as email3_5_0_, user0_.full_name as full_nam4_5_0_, user0_.nickname as nickname5_5_0_, user0_.password as password6_5_0_ from users user0_ where user0_.id=?
2021-06-07 19:18:53.277  INFO 48680 --- [           main] o.s.t.c.transaction.TransactionContext   : Rolled back transaction for test: [DefaultTestContext@7c02b3cb testClass = CandidateServiceTest, testInstance = com.challenge.suite.CandidateServiceTest@3d8fd373, testMethod = whenFindByCompanyId@CandidateServiceTest, testException = [null], mergedContextConfiguration = [MergedContextConfiguration@2dcd451f testClass = CandidateServiceTest, locations = '{}', classes = '{class com.challenge.SpringChallengeApplication}', contextInitializerClasses = '[]', activeProfiles = '{}', propertySourceLocations = '{}', propertySourceProperties = '{org.springframework.boot.test.context.SpringBootTestContextBootstrapper=true}', contextCustomizers = set[org.springframework.boot.test.context.filter.ExcludeFilterContextCustomizer@fa36558, org.springframework.boot.test.json.DuplicateJsonObjectContextCustomizerFactory$DuplicateJsonObjectContextCustomizer@3f56875e, org.springframework.boot.test.mock.mockito.MockitoContextCustomizer@0, org.springframework.boot.test.web.client.TestRestTemplateContextCustomizer@3943a2be, org.springframework.boot.test.autoconfigure.properties.PropertyMappingContextCustomizer@0, org.springframework.boot.test.autoconfigure.web.servlet.WebDriverContextCustomizerFactory$Customizer@2525ff7e], contextLoader = 'org.springframework.boot.test.context.SpringBootContextLoader', parent = [null]], attributes = map[[empty]]]
2021-06-07 19:18:53.281  INFO 48680 --- [           main] o.s.t.c.transaction.TransactionContext   : Began transaction (1) for test context [DefaultTestContext@7c02b3cb testClass = CandidateServiceTest, testInstance = com.challenge.suite.CandidateServiceTest@2ed35f24, testMethod = whenFindById@CandidateServiceTest, testException = [null], mergedContextConfiguration = [MergedContextConfiguration@2dcd451f testClass = CandidateServiceTest, locations = '{}', classes = '{class com.challenge.SpringChallengeApplication}', contextInitializerClasses = '[]', activeProfiles = '{}', propertySourceLocations = '{}', propertySourceProperties = '{org.springframework.boot.test.context.SpringBootTestContextBootstrapper=true}', contextCustomizers = set[org.springframework.boot.test.context.filter.ExcludeFilterContextCustomizer@fa36558, org.springframework.boot.test.json.DuplicateJsonObjectContextCustomizerFactory$DuplicateJsonObjectContextCustomizer@3f56875e, org.springframework.boot.test.mock.mockito.MockitoContextCustomizer@0, org.springframework.boot.test.web.client.TestRestTemplateContextCustomizer@3943a2be, org.springframework.boot.test.autoconfigure.properties.PropertyMappingContextCustomizer@0, org.springframework.boot.test.autoconfigure.web.servlet.WebDriverContextCustomizerFactory$Customizer@2525ff7e], contextLoader = 'org.springframework.boot.test.context.SpringBootContextLoader', parent = [null]], attributes = map[[empty]]]; transaction manager [org.springframework.orm.jpa.JpaTransactionManager@2dd2ff87]; rollback [true]
Hibernate: select user0_.id as id1_5_0_, user0_.created_at as created_2_5_0_, user0_.email as email3_5_0_, user0_.full_name as full_nam4_5_0_, user0_.nickname as nickname5_5_0_, user0_.password as password6_5_0_ from users user0_ where user0_.id=?
Hibernate: select accelerati0_.id as id1_0_0_, accelerati0_.challenge_id as challeng5_0_0_, accelerati0_.created_at as created_2_0_0_, accelerati0_.name as name3_0_0_, accelerati0_.slug as slug4_0_0_, challenge1_.id as id1_2_1_, challenge1_.created_at as created_2_2_1_, challenge1_.name as name3_2_1_, challenge1_.slug as slug4_2_1_ from acceleration accelerati0_ left outer join challenge challenge1_ on accelerati0_.challenge_id=challenge1_.id where accelerati0_.id=?
Hibernate: select company0_.id as id1_3_0_, company0_.created_at as created_2_3_0_, company0_.name as name3_3_0_, company0_.slug as slug4_3_0_ from company company0_ where company0_.id=?
Hibernate: select candidate0_.acceleration_id as accelera5_1_0_, candidate0_.company_id as company_4_1_0_, candidate0_.user_id as user_id3_1_0_, candidate0_.created_at as created_1_1_0_, candidate0_.status as status2_1_0_ from candidate candidate0_ where candidate0_.acceleration_id=? and candidate0_.company_id=? and candidate0_.user_id=?
2021-06-07 19:18:53.352  INFO 48680 --- [           main] o.s.t.c.transaction.TransactionContext   : Rolled back transaction for test: [DefaultTestContext@7c02b3cb testClass = CandidateServiceTest, testInstance = com.challenge.suite.CandidateServiceTest@2ed35f24, testMethod = whenFindById@CandidateServiceTest, testException = [null], mergedContextConfiguration = [MergedContextConfiguration@2dcd451f testClass = CandidateServiceTest, locations = '{}', classes = '{class com.challenge.SpringChallengeApplication}', contextInitializerClasses = '[]', activeProfiles = '{}', propertySourceLocations = '{}', propertySourceProperties = '{org.springframework.boot.test.context.SpringBootTestContextBootstrapper=true}', contextCustomizers = set[org.springframework.boot.test.context.filter.ExcludeFilterContextCustomizer@fa36558, org.springframework.boot.test.json.DuplicateJsonObjectContextCustomizerFactory$DuplicateJsonObjectContextCustomizer@3f56875e, org.springframework.boot.test.mock.mockito.MockitoContextCustomizer@0, org.springframework.boot.test.web.client.TestRestTemplateContextCustomizer@3943a2be, org.springframework.boot.test.autoconfigure.properties.PropertyMappingContextCustomizer@0, org.springframework.boot.test.autoconfigure.web.servlet.WebDriverContextCustomizerFactory$Customizer@2525ff7e], contextLoader = 'org.springframework.boot.test.context.SpringBootContextLoader', parent = [null]], attributes = map[[empty]]]
2021-06-07 19:18:53.355  INFO 48680 --- [           main] o.s.t.c.transaction.TransactionContext   : Began transaction (1) for test context [DefaultTestContext@7c02b3cb testClass = CandidateServiceTest, testInstance = com.challenge.suite.CandidateServiceTest@79fcd194, testMethod = whenFindByAccelerationId@CandidateServiceTest, testException = [null], mergedContextConfiguration = [MergedContextConfiguration@2dcd451f testClass = CandidateServiceTest, locations = '{}', classes = '{class com.challenge.SpringChallengeApplication}', contextInitializerClasses = '[]', activeProfiles = '{}', propertySourceLocations = '{}', propertySourceProperties = '{org.springframework.boot.test.context.SpringBootTestContextBootstrapper=true}', contextCustomizers = set[org.springframework.boot.test.context.filter.ExcludeFilterContextCustomizer@fa36558, org.springframework.boot.test.json.DuplicateJsonObjectContextCustomizerFactory$DuplicateJsonObjectContextCustomizer@3f56875e, org.springframework.boot.test.mock.mockito.MockitoContextCustomizer@0, org.springframework.boot.test.web.client.TestRestTemplateContextCustomizer@3943a2be, org.springframework.boot.test.autoconfigure.properties.PropertyMappingContextCustomizer@0, org.springframework.boot.test.autoconfigure.web.servlet.WebDriverContextCustomizerFactory$Customizer@2525ff7e], contextLoader = 'org.springframework.boot.test.context.SpringBootContextLoader', parent = [null]], attributes = map[[empty]]]; transaction manager [org.springframework.orm.jpa.JpaTransactionManager@2dd2ff87]; rollback [true]
Hibernate: select candidate0_.acceleration_id as accelera5_1_, candidate0_.company_id as company_4_1_, candidate0_.user_id as user_id3_1_, candidate0_.created_at as created_1_1_, candidate0_.status as status2_1_ from candidate candidate0_ where candidate0_.acceleration_id=?
Hibernate: select accelerati0_.id as id1_0_0_, accelerati0_.challenge_id as challeng5_0_0_, accelerati0_.created_at as created_2_0_0_, accelerati0_.name as name3_0_0_, accelerati0_.slug as slug4_0_0_, challenge1_.id as id1_2_1_, challenge1_.created_at as created_2_2_1_, challenge1_.name as name3_2_1_, challenge1_.slug as slug4_2_1_ from acceleration accelerati0_ left outer join challenge challenge1_ on accelerati0_.challenge_id=challenge1_.id where accelerati0_.id=?
Hibernate: select company0_.id as id1_3_0_, company0_.created_at as created_2_3_0_, company0_.name as name3_3_0_, company0_.slug as slug4_3_0_ from company company0_ where company0_.id=?
Hibernate: select user0_.id as id1_5_0_, user0_.created_at as created_2_5_0_, user0_.email as email3_5_0_, user0_.full_name as full_nam4_5_0_, user0_.nickname as nickname5_5_0_, user0_.password as password6_5_0_ from users user0_ where user0_.id=?
Hibernate: select user0_.id as id1_5_0_, user0_.created_at as created_2_5_0_, user0_.email as email3_5_0_, user0_.full_name as full_nam4_5_0_, user0_.nickname as nickname5_5_0_, user0_.password as password6_5_0_ from users user0_ where user0_.id=?
Hibernate: select user0_.id as id1_5_0_, user0_.created_at as created_2_5_0_, user0_.email as email3_5_0_, user0_.full_name as full_nam4_5_0_, user0_.nickname as nickname5_5_0_, user0_.password as password6_5_0_ from users user0_ where user0_.id=?
2021-06-07 19:18:53.382  INFO 48680 --- [           main] o.s.t.c.transaction.TransactionContext   : Rolled back transaction for test: [DefaultTestContext@7c02b3cb testClass = CandidateServiceTest, testInstance = com.challenge.suite.CandidateServiceTest@79fcd194, testMethod = whenFindByAccelerationId@CandidateServiceTest, testException = [null], mergedContextConfiguration = [MergedContextConfiguration@2dcd451f testClass = CandidateServiceTest, locations = '{}', classes = '{class com.challenge.SpringChallengeApplication}', contextInitializerClasses = '[]', activeProfiles = '{}', propertySourceLocations = '{}', propertySourceProperties = '{org.springframework.boot.test.context.SpringBootTestContextBootstrapper=true}', contextCustomizers = set[org.springframework.boot.test.context.filter.ExcludeFilterContextCustomizer@fa36558, org.springframework.boot.test.json.DuplicateJsonObjectContextCustomizerFactory$DuplicateJsonObjectContextCustomizer@3f56875e, org.springframework.boot.test.mock.mockito.MockitoContextCustomizer@0, org.springframework.boot.test.web.client.TestRestTemplateContextCustomizer@3943a2be, org.springframework.boot.test.autoconfigure.properties.PropertyMappingContextCustomizer@0, org.springframework.boot.test.autoconfigure.web.servlet.WebDriverContextCustomizerFactory$Customizer@2525ff7e], contextLoader = 'org.springframework.boot.test.context.SpringBootContextLoader', parent = [null]], attributes = map[[empty]]]
2021-06-07 19:18:53.385  INFO 48680 --- [           main] o.s.t.c.transaction.TransactionContext   : Began transaction (1) for test context [DefaultTestContext@7c02b3cb testClass = CandidateServiceTest, testInstance = com.challenge.suite.CandidateServiceTest@69cc49ec, testMethod = whenFindByIdThenNotFound@CandidateServiceTest, testException = [null], mergedContextConfiguration = [MergedContextConfiguration@2dcd451f testClass = CandidateServiceTest, locations = '{}', classes = '{class com.challenge.SpringChallengeApplication}', contextInitializerClasses = '[]', activeProfiles = '{}', propertySourceLocations = '{}', propertySourceProperties = '{org.springframework.boot.test.context.SpringBootTestContextBootstrapper=true}', contextCustomizers = set[org.springframework.boot.test.context.filter.ExcludeFilterContextCustomizer@fa36558, org.springframework.boot.test.json.DuplicateJsonObjectContextCustomizerFactory$DuplicateJsonObjectContextCustomizer@3f56875e, org.springframework.boot.test.mock.mockito.MockitoContextCustomizer@0, org.springframework.boot.test.web.client.TestRestTemplateContextCustomizer@3943a2be, org.springframework.boot.test.autoconfigure.properties.PropertyMappingContextCustomizer@0, org.springframework.boot.test.autoconfigure.web.servlet.WebDriverContextCustomizerFactory$Customizer@2525ff7e], contextLoader = 'org.springframework.boot.test.context.SpringBootContextLoader', parent = [null]], attributes = map[[empty]]]; transaction manager [org.springframework.orm.jpa.JpaTransactionManager@2dd2ff87]; rollback [true]
Hibernate: select user0_.id as id1_5_0_, user0_.created_at as created_2_5_0_, user0_.email as email3_5_0_, user0_.full_name as full_nam4_5_0_, user0_.nickname as nickname5_5_0_, user0_.password as password6_5_0_ from users user0_ where user0_.id=?
Hibernate: select accelerati0_.id as id1_0_0_, accelerati0_.challenge_id as challeng5_0_0_, accelerati0_.created_at as created_2_0_0_, accelerati0_.name as name3_0_0_, accelerati0_.slug as slug4_0_0_, challenge1_.id as id1_2_1_, challenge1_.created_at as created_2_2_1_, challenge1_.name as name3_2_1_, challenge1_.slug as slug4_2_1_ from acceleration accelerati0_ left outer join challenge challenge1_ on accelerati0_.challenge_id=challenge1_.id where accelerati0_.id=?
Hibernate: select company0_.id as id1_3_0_, company0_.created_at as created_2_3_0_, company0_.name as name3_3_0_, company0_.slug as slug4_3_0_ from company company0_ where company0_.id=?
Hibernate: select candidate0_.acceleration_id as accelera5_1_0_, candidate0_.company_id as company_4_1_0_, candidate0_.user_id as user_id3_1_0_, candidate0_.created_at as created_1_1_0_, candidate0_.status as status2_1_0_ from candidate candidate0_ where candidate0_.acceleration_id=? and candidate0_.company_id=? and candidate0_.user_id=?
2021-06-07 19:18:53.408  INFO 48680 --- [           main] o.s.t.c.transaction.TransactionContext   : Rolled back transaction for test: [DefaultTestContext@7c02b3cb testClass = CandidateServiceTest, testInstance = com.challenge.suite.CandidateServiceTest@69cc49ec, testMethod = whenFindByIdThenNotFound@CandidateServiceTest, testException = [null], mergedContextConfiguration = [MergedContextConfiguration@2dcd451f testClass = CandidateServiceTest, locations = '{}', classes = '{class com.challenge.SpringChallengeApplication}', contextInitializerClasses = '[]', activeProfiles = '{}', propertySourceLocations = '{}', propertySourceProperties = '{org.springframework.boot.test.context.SpringBootTestContextBootstrapper=true}', contextCustomizers = set[org.springframework.boot.test.context.filter.ExcludeFilterContextCustomizer@fa36558, org.springframework.boot.test.json.DuplicateJsonObjectContextCustomizerFactory$DuplicateJsonObjectContextCustomizer@3f56875e, org.springframework.boot.test.mock.mockito.MockitoContextCustomizer@0, org.springframework.boot.test.web.client.TestRestTemplateContextCustomizer@3943a2be, org.springframework.boot.test.autoconfigure.properties.PropertyMappingContextCustomizer@0, org.springframework.boot.test.autoconfigure.web.servlet.WebDriverContextCustomizerFactory$Customizer@2525ff7e], contextLoader = 'org.springframework.boot.test.context.SpringBootContextLoader', parent = [null]], attributes = map[[empty]]]
2021-06-07 19:18:53.419  INFO 48680 --- [           main] o.s.t.c.transaction.TransactionContext   : Began transaction (1) for test context [DefaultTestContext@4a3bf37c testClass = ChallengeServiceTest, testInstance = com.challenge.suite.ChallengeServiceTest@48aaaed9, testMethod = whenFindByAccelerationIdAndUserId@ChallengeServiceTest, testException = [null], mergedContextConfiguration = [MergedContextConfiguration@116915f1 testClass = ChallengeServiceTest, locations = '{}', classes = '{class com.challenge.SpringChallengeApplication}', contextInitializerClasses = '[]', activeProfiles = '{}', propertySourceLocations = '{}', propertySourceProperties = '{org.springframework.boot.test.context.SpringBootTestContextBootstrapper=true}', contextCustomizers = set[org.springframework.boot.test.context.filter.ExcludeFilterContextCustomizer@fa36558, org.springframework.boot.test.json.DuplicateJsonObjectContextCustomizerFactory$DuplicateJsonObjectContextCustomizer@3f56875e, org.springframework.boot.test.mock.mockito.MockitoContextCustomizer@0, org.springframework.boot.test.web.client.TestRestTemplateContextCustomizer@3943a2be, org.springframework.boot.test.autoconfigure.properties.PropertyMappingContextCustomizer@0, org.springframework.boot.test.autoconfigure.web.servlet.WebDriverContextCustomizerFactory$Customizer@2525ff7e], contextLoader = 'org.springframework.boot.test.context.SpringBootContextLoader', parent = [null]], attributes = map[[empty]]]; transaction manager [org.springframework.orm.jpa.JpaTransactionManager@2dd2ff87]; rollback [true]
Hibernate: select challenge0_.id as id1_2_, challenge0_.created_at as created_2_2_, challenge0_.name as name3_2_, challenge0_.slug as slug4_2_ from challenge challenge0_ where challenge0_.id=(select accelerati1_.challenge_id from acceleration accelerati1_ where accelerati1_.id=?) and challenge0_.id=(select submission2_.challenge_id from submission submission2_ where submission2_.user_id=?)
2021-06-07 19:18:53.463  INFO 48680 --- [           main] o.s.t.c.transaction.TransactionContext   : Rolled back transaction for test: [DefaultTestContext@4a3bf37c testClass = ChallengeServiceTest, testInstance = com.challenge.suite.ChallengeServiceTest@48aaaed9, testMethod = whenFindByAccelerationIdAndUserId@ChallengeServiceTest, testException = [null], mergedContextConfiguration = [MergedContextConfiguration@116915f1 testClass = ChallengeServiceTest, locations = '{}', classes = '{class com.challenge.SpringChallengeApplication}', contextInitializerClasses = '[]', activeProfiles = '{}', propertySourceLocations = '{}', propertySourceProperties = '{org.springframework.boot.test.context.SpringBootTestContextBootstrapper=true}', contextCustomizers = set[org.springframework.boot.test.context.filter.ExcludeFilterContextCustomizer@fa36558, org.springframework.boot.test.json.DuplicateJsonObjectContextCustomizerFactory$DuplicateJsonObjectContextCustomizer@3f56875e, org.springframework.boot.test.mock.mockito.MockitoContextCustomizer@0, org.springframework.boot.test.web.client.TestRestTemplateContextCustomizer@3943a2be, org.springframework.boot.test.autoconfigure.properties.PropertyMappingContextCustomizer@0, org.springframework.boot.test.autoconfigure.web.servlet.WebDriverContextCustomizerFactory$Customizer@2525ff7e], contextLoader = 'org.springframework.boot.test.context.SpringBootContextLoader', parent = [null]], attributes = map[[empty]]]
2021-06-07 19:18:53.471  INFO 48680 --- [           main] o.s.t.c.transaction.TransactionContext   : Began transaction (1) for test context [DefaultTestContext@65e92505 testClass = CompanyServiceTest, testInstance = com.challenge.suite.CompanyServiceTest@e97f51c, testMethod = whenFindById@CompanyServiceTest, testException = [null], mergedContextConfiguration = [MergedContextConfiguration@29394966 testClass = CompanyServiceTest, locations = '{}', classes = '{class com.challenge.SpringChallengeApplication}', contextInitializerClasses = '[]', activeProfiles = '{}', propertySourceLocations = '{}', propertySourceProperties = '{org.springframework.boot.test.context.SpringBootTestContextBootstrapper=true}', contextCustomizers = set[org.springframework.boot.test.context.filter.ExcludeFilterContextCustomizer@fa36558, org.springframework.boot.test.json.DuplicateJsonObjectContextCustomizerFactory$DuplicateJsonObjectContextCustomizer@3f56875e, org.springframework.boot.test.mock.mockito.MockitoContextCustomizer@0, org.springframework.boot.test.web.client.TestRestTemplateContextCustomizer@3943a2be, org.springframework.boot.test.autoconfigure.properties.PropertyMappingContextCustomizer@0, org.springframework.boot.test.autoconfigure.web.servlet.WebDriverContextCustomizerFactory$Customizer@2525ff7e], contextLoader = 'org.springframework.boot.test.context.SpringBootContextLoader', parent = [null]], attributes = map[[empty]]]; transaction manager [org.springframework.orm.jpa.JpaTransactionManager@2dd2ff87]; rollback [true]
Hibernate: select company0_.id as id1_3_0_, company0_.created_at as created_2_3_0_, company0_.name as name3_3_0_, company0_.slug as slug4_3_0_ from company company0_ where company0_.id=?
2021-06-07 19:18:53.496  INFO 48680 --- [           main] o.s.t.c.transaction.TransactionContext   : Rolled back transaction for test: [DefaultTestContext@65e92505 testClass = CompanyServiceTest, testInstance = com.challenge.suite.CompanyServiceTest@e97f51c, testMethod = whenFindById@CompanyServiceTest, testException = [null], mergedContextConfiguration = [MergedContextConfiguration@29394966 testClass = CompanyServiceTest, locations = '{}', classes = '{class com.challenge.SpringChallengeApplication}', contextInitializerClasses = '[]', activeProfiles = '{}', propertySourceLocations = '{}', propertySourceProperties = '{org.springframework.boot.test.context.SpringBootTestContextBootstrapper=true}', contextCustomizers = set[org.springframework.boot.test.context.filter.ExcludeFilterContextCustomizer@fa36558, org.springframework.boot.test.json.DuplicateJsonObjectContextCustomizerFactory$DuplicateJsonObjectContextCustomizer@3f56875e, org.springframework.boot.test.mock.mockito.MockitoContextCustomizer@0, org.springframework.boot.test.web.client.TestRestTemplateContextCustomizer@3943a2be, org.springframework.boot.test.autoconfigure.properties.PropertyMappingContextCustomizer@0, org.springframework.boot.test.autoconfigure.web.servlet.WebDriverContextCustomizerFactory$Customizer@2525ff7e], contextLoader = 'org.springframework.boot.test.context.SpringBootContextLoader', parent = [null]], attributes = map[[empty]]]
2021-06-07 19:18:53.502  INFO 48680 --- [           main] o.s.t.c.transaction.TransactionContext   : Began transaction (1) for test context [DefaultTestContext@65e92505 testClass = CompanyServiceTest, testInstance = com.challenge.suite.CompanyServiceTest@7a0d2c80, testMethod = whenFindByAccelerationId@CompanyServiceTest, testException = [null], mergedContextConfiguration = [MergedContextConfiguration@29394966 testClass = CompanyServiceTest, locations = '{}', classes = '{class com.challenge.SpringChallengeApplication}', contextInitializerClasses = '[]', activeProfiles = '{}', propertySourceLocations = '{}', propertySourceProperties = '{org.springframework.boot.test.context.SpringBootTestContextBootstrapper=true}', contextCustomizers = set[org.springframework.boot.test.context.filter.ExcludeFilterContextCustomizer@fa36558, org.springframework.boot.test.json.DuplicateJsonObjectContextCustomizerFactory$DuplicateJsonObjectContextCustomizer@3f56875e, org.springframework.boot.test.mock.mockito.MockitoContextCustomizer@0, org.springframework.boot.test.web.client.TestRestTemplateContextCustomizer@3943a2be, org.springframework.boot.test.autoconfigure.properties.PropertyMappingContextCustomizer@0, org.springframework.boot.test.autoconfigure.web.servlet.WebDriverContextCustomizerFactory$Customizer@2525ff7e], contextLoader = 'org.springframework.boot.test.context.SpringBootContextLoader', parent = [null]], attributes = map[[empty]]]; transaction manager [org.springframework.orm.jpa.JpaTransactionManager@2dd2ff87]; rollback [true]
Hibernate: select distinct company1_.id as id1_3_, company1_.created_at as created_2_3_, company1_.name as name3_3_, company1_.slug as slug4_3_ from candidate candidate0_ inner join company company1_ on candidate0_.company_id=company1_.id where candidate0_.acceleration_id=?
2021-06-07 19:18:53.527  INFO 48680 --- [           main] o.s.t.c.transaction.TransactionContext   : Rolled back transaction for test: [DefaultTestContext@65e92505 testClass = CompanyServiceTest, testInstance = com.challenge.suite.CompanyServiceTest@7a0d2c80, testMethod = whenFindByAccelerationId@CompanyServiceTest, testException = [null], mergedContextConfiguration = [MergedContextConfiguration@29394966 testClass = CompanyServiceTest, locations = '{}', classes = '{class com.challenge.SpringChallengeApplication}', contextInitializerClasses = '[]', activeProfiles = '{}', propertySourceLocations = '{}', propertySourceProperties = '{org.springframework.boot.test.context.SpringBootTestContextBootstrapper=true}', contextCustomizers = set[org.springframework.boot.test.context.filter.ExcludeFilterContextCustomizer@fa36558, org.springframework.boot.test.json.DuplicateJsonObjectContextCustomizerFactory$DuplicateJsonObjectContextCustomizer@3f56875e, org.springframework.boot.test.mock.mockito.MockitoContextCustomizer@0, org.springframework.boot.test.web.client.TestRestTemplateContextCustomizer@3943a2be, org.springframework.boot.test.autoconfigure.properties.PropertyMappingContextCustomizer@0, org.springframework.boot.test.autoconfigure.web.servlet.WebDriverContextCustomizerFactory$Customizer@2525ff7e], contextLoader = 'org.springframework.boot.test.context.SpringBootContextLoader', parent = [null]], attributes = map[[empty]]]
2021-06-07 19:18:53.533  INFO 48680 --- [           main] o.s.t.c.transaction.TransactionContext   : Began transaction (1) for test context [DefaultTestContext@65e92505 testClass = CompanyServiceTest, testInstance = com.challenge.suite.CompanyServiceTest@1da32baf, testMethod = whenFindByIdThenNotFound@CompanyServiceTest, testException = [null], mergedContextConfiguration = [MergedContextConfiguration@29394966 testClass = CompanyServiceTest, locations = '{}', classes = '{class com.challenge.SpringChallengeApplication}', contextInitializerClasses = '[]', activeProfiles = '{}', propertySourceLocations = '{}', propertySourceProperties = '{org.springframework.boot.test.context.SpringBootTestContextBootstrapper=true}', contextCustomizers = set[org.springframework.boot.test.context.filter.ExcludeFilterContextCustomizer@fa36558, org.springframework.boot.test.json.DuplicateJsonObjectContextCustomizerFactory$DuplicateJsonObjectContextCustomizer@3f56875e, org.springframework.boot.test.mock.mockito.MockitoContextCustomizer@0, org.springframework.boot.test.web.client.TestRestTemplateContextCustomizer@3943a2be, org.springframework.boot.test.autoconfigure.properties.PropertyMappingContextCustomizer@0, org.springframework.boot.test.autoconfigure.web.servlet.WebDriverContextCustomizerFactory$Customizer@2525ff7e], contextLoader = 'org.springframework.boot.test.context.SpringBootContextLoader', parent = [null]], attributes = map[[empty]]]; transaction manager [org.springframework.orm.jpa.JpaTransactionManager@2dd2ff87]; rollback [true]
Hibernate: select company0_.id as id1_3_0_, company0_.created_at as created_2_3_0_, company0_.name as name3_3_0_, company0_.slug as slug4_3_0_ from company company0_ where company0_.id=?
2021-06-07 19:18:53.553  INFO 48680 --- [           main] o.s.t.c.transaction.TransactionContext   : Rolled back transaction for test: [DefaultTestContext@65e92505 testClass = CompanyServiceTest, testInstance = com.challenge.suite.CompanyServiceTest@1da32baf, testMethod = whenFindByIdThenNotFound@CompanyServiceTest, testException = [null], mergedContextConfiguration = [MergedContextConfiguration@29394966 testClass = CompanyServiceTest, locations = '{}', classes = '{class com.challenge.SpringChallengeApplication}', contextInitializerClasses = '[]', activeProfiles = '{}', propertySourceLocations = '{}', propertySourceProperties = '{org.springframework.boot.test.context.SpringBootTestContextBootstrapper=true}', contextCustomizers = set[org.springframework.boot.test.context.filter.ExcludeFilterContextCustomizer@fa36558, org.springframework.boot.test.json.DuplicateJsonObjectContextCustomizerFactory$DuplicateJsonObjectContextCustomizer@3f56875e, org.springframework.boot.test.mock.mockito.MockitoContextCustomizer@0, org.springframework.boot.test.web.client.TestRestTemplateContextCustomizer@3943a2be, org.springframework.boot.test.autoconfigure.properties.PropertyMappingContextCustomizer@0, org.springframework.boot.test.autoconfigure.web.servlet.WebDriverContextCustomizerFactory$Customizer@2525ff7e], contextLoader = 'org.springframework.boot.test.context.SpringBootContextLoader', parent = [null]], attributes = map[[empty]]]
2021-06-07 19:18:53.559  INFO 48680 --- [           main] o.s.t.c.transaction.TransactionContext   : Began transaction (1) for test context [DefaultTestContext@65e92505 testClass = CompanyServiceTest, testInstance = com.challenge.suite.CompanyServiceTest@efa04b5, testMethod = whenFindByUserId@CompanyServiceTest, testException = [null], mergedContextConfiguration = [MergedContextConfiguration@29394966 testClass = CompanyServiceTest, locations = '{}', classes = '{class com.challenge.SpringChallengeApplication}', contextInitializerClasses = '[]', activeProfiles = '{}', propertySourceLocations = '{}', propertySourceProperties = '{org.springframework.boot.test.context.SpringBootTestContextBootstrapper=true}', contextCustomizers = set[org.springframework.boot.test.context.filter.ExcludeFilterContextCustomizer@fa36558, org.springframework.boot.test.json.DuplicateJsonObjectContextCustomizerFactory$DuplicateJsonObjectContextCustomizer@3f56875e, org.springframework.boot.test.mock.mockito.MockitoContextCustomizer@0, org.springframework.boot.test.web.client.TestRestTemplateContextCustomizer@3943a2be, org.springframework.boot.test.autoconfigure.properties.PropertyMappingContextCustomizer@0, org.springframework.boot.test.autoconfigure.web.servlet.WebDriverContextCustomizerFactory$Customizer@2525ff7e], contextLoader = 'org.springframework.boot.test.context.SpringBootContextLoader', parent = [null]], attributes = map[[empty]]]; transaction manager [org.springframework.orm.jpa.JpaTransactionManager@2dd2ff87]; rollback [true]
Hibernate: select company1_.id as id1_3_, company1_.created_at as created_2_3_, company1_.name as name3_3_, company1_.slug as slug4_3_ from candidate candidate0_ inner join company company1_ on candidate0_.company_id=company1_.id where candidate0_.user_id=?
2021-06-07 19:18:53.581  INFO 48680 --- [           main] o.s.t.c.transaction.TransactionContext   : Rolled back transaction for test: [DefaultTestContext@65e92505 testClass = CompanyServiceTest, testInstance = com.challenge.suite.CompanyServiceTest@efa04b5, testMethod = whenFindByUserId@CompanyServiceTest, testException = [null], mergedContextConfiguration = [MergedContextConfiguration@29394966 testClass = CompanyServiceTest, locations = '{}', classes = '{class com.challenge.SpringChallengeApplication}', contextInitializerClasses = '[]', activeProfiles = '{}', propertySourceLocations = '{}', propertySourceProperties = '{org.springframework.boot.test.context.SpringBootTestContextBootstrapper=true}', contextCustomizers = set[org.springframework.boot.test.context.filter.ExcludeFilterContextCustomizer@fa36558, org.springframework.boot.test.json.DuplicateJsonObjectContextCustomizerFactory$DuplicateJsonObjectContextCustomizer@3f56875e, org.springframework.boot.test.mock.mockito.MockitoContextCustomizer@0, org.springframework.boot.test.web.client.TestRestTemplateContextCustomizer@3943a2be, org.springframework.boot.test.autoconfigure.properties.PropertyMappingContextCustomizer@0, org.springframework.boot.test.autoconfigure.web.servlet.WebDriverContextCustomizerFactory$Customizer@2525ff7e], contextLoader = 'org.springframework.boot.test.context.SpringBootContextLoader', parent = [null]], attributes = map[[empty]]]
2021-06-07 19:18:53.592  INFO 48680 --- [           main] o.s.t.c.transaction.TransactionContext   : Began transaction (1) for test context [DefaultTestContext@714b6999 testClass = SubmissionServiceTest, testInstance = com.challenge.suite.SubmissionServiceTest@2e4d2232, testMethod = whenFindByChallengeIdAndAccelerationId@SubmissionServiceTest, testException = [null], mergedContextConfiguration = [MergedContextConfiguration@24f5e9e8 testClass = SubmissionServiceTest, locations = '{}', classes = '{class com.challenge.SpringChallengeApplication}', contextInitializerClasses = '[]', activeProfiles = '{}', propertySourceLocations = '{}', propertySourceProperties = '{org.springframework.boot.test.context.SpringBootTestContextBootstrapper=true}', contextCustomizers = set[org.springframework.boot.test.context.filter.ExcludeFilterContextCustomizer@fa36558, org.springframework.boot.test.json.DuplicateJsonObjectContextCustomizerFactory$DuplicateJsonObjectContextCustomizer@3f56875e, org.springframework.boot.test.mock.mockito.MockitoContextCustomizer@0, org.springframework.boot.test.web.client.TestRestTemplateContextCustomizer@3943a2be, org.springframework.boot.test.autoconfigure.properties.PropertyMappingContextCustomizer@0, org.springframework.boot.test.autoconfigure.web.servlet.WebDriverContextCustomizerFactory$Customizer@2525ff7e], contextLoader = 'org.springframework.boot.test.context.SpringBootContextLoader', parent = [null]], attributes = map[[empty]]]; transaction manager [org.springframework.orm.jpa.JpaTransactionManager@2dd2ff87]; rollback [true]
2021-06-07 19:18:53.623  INFO 48680 --- [           main] o.s.t.c.transaction.TransactionContext   : Rolled back transaction for test: [DefaultTestContext@714b6999 testClass = SubmissionServiceTest, testInstance = com.challenge.suite.SubmissionServiceTest@2e4d2232, testMethod = whenFindByChallengeIdAndAccelerationId@SubmissionServiceTest, testException = java.lang.AssertionError: 
Expected: a collection with size <3>
     but: was null, mergedContextConfiguration = [MergedContextConfiguration@24f5e9e8 testClass = SubmissionServiceTest, locations = '{}', classes = '{class com.challenge.SpringChallengeApplication}', contextInitializerClasses = '[]', activeProfiles = '{}', propertySourceLocations = '{}', propertySourceProperties = '{org.springframework.boot.test.context.SpringBootTestContextBootstrapper=true}', contextCustomizers = set[org.springframework.boot.test.context.filter.ExcludeFilterContextCustomizer@fa36558, org.springframework.boot.test.json.DuplicateJsonObjectContextCustomizerFactory$DuplicateJsonObjectContextCustomizer@3f56875e, org.springframework.boot.test.mock.mockito.MockitoContextCustomizer@0, org.springframework.boot.test.web.client.TestRestTemplateContextCustomizer@3943a2be, org.springframework.boot.test.autoconfigure.properties.PropertyMappingContextCustomizer@0, org.springframework.boot.test.autoconfigure.web.servlet.WebDriverContextCustomizerFactory$Customizer@2525ff7e], contextLoader = 'org.springframework.boot.test.context.SpringBootContextLoader', parent = [null]], attributes = map[[empty]]]
2021-06-07 19:18:53.643  INFO 48680 --- [           main] o.s.t.c.transaction.TransactionContext   : Began transaction (1) for test context [DefaultTestContext@714b6999 testClass = SubmissionServiceTest, testInstance = com.challenge.suite.SubmissionServiceTest@5f4e389a, testMethod = whenFindHigherScoreByChallengeIdReturnNotFound@SubmissionServiceTest, testException = [null], mergedContextConfiguration = [MergedContextConfiguration@24f5e9e8 testClass = SubmissionServiceTest, locations = '{}', classes = '{class com.challenge.SpringChallengeApplication}', contextInitializerClasses = '[]', activeProfiles = '{}', propertySourceLocations = '{}', propertySourceProperties = '{org.springframework.boot.test.context.SpringBootTestContextBootstrapper=true}', contextCustomizers = set[org.springframework.boot.test.context.filter.ExcludeFilterContextCustomizer@fa36558, org.springframework.boot.test.json.DuplicateJsonObjectContextCustomizerFactory$DuplicateJsonObjectContextCustomizer@3f56875e, org.springframework.boot.test.mock.mockito.MockitoContextCustomizer@0, org.springframework.boot.test.web.client.TestRestTemplateContextCustomizer@3943a2be, org.springframework.boot.test.autoconfigure.properties.PropertyMappingContextCustomizer@0, org.springframework.boot.test.autoconfigure.web.servlet.WebDriverContextCustomizerFactory$Customizer@2525ff7e], contextLoader = 'org.springframework.boot.test.context.SpringBootContextLoader', parent = [null]], attributes = map[[empty]]]; transaction manager [org.springframework.orm.jpa.JpaTransactionManager@2dd2ff87]; rollback [true]
Hibernate: select max(submission0_.score) as col_0_0_ from submission submission0_ where submission0_.challenge_id=?
2021-06-07 19:18:53.696  INFO 48680 --- [           main] o.s.t.c.transaction.TransactionContext   : Rolled back transaction for test: [DefaultTestContext@714b6999 testClass = SubmissionServiceTest, testInstance = com.challenge.suite.SubmissionServiceTest@5f4e389a, testMethod = whenFindHigherScoreByChallengeIdReturnNotFound@SubmissionServiceTest, testException = [null], mergedContextConfiguration = [MergedContextConfiguration@24f5e9e8 testClass = SubmissionServiceTest, locations = '{}', classes = '{class com.challenge.SpringChallengeApplication}', contextInitializerClasses = '[]', activeProfiles = '{}', propertySourceLocations = '{}', propertySourceProperties = '{org.springframework.boot.test.context.SpringBootTestContextBootstrapper=true}', contextCustomizers = set[org.springframework.boot.test.context.filter.ExcludeFilterContextCustomizer@fa36558, org.springframework.boot.test.json.DuplicateJsonObjectContextCustomizerFactory$DuplicateJsonObjectContextCustomizer@3f56875e, org.springframework.boot.test.mock.mockito.MockitoContextCustomizer@0, org.springframework.boot.test.web.client.TestRestTemplateContextCustomizer@3943a2be, org.springframework.boot.test.autoconfigure.properties.PropertyMappingContextCustomizer@0, org.springframework.boot.test.autoconfigure.web.servlet.WebDriverContextCustomizerFactory$Customizer@2525ff7e], contextLoader = 'org.springframework.boot.test.context.SpringBootContextLoader', parent = [null]], attributes = map[[empty]]]
2021-06-07 19:18:53.703  INFO 48680 --- [           main] o.s.t.c.transaction.TransactionContext   : Began transaction (1) for test context [DefaultTestContext@714b6999 testClass = SubmissionServiceTest, testInstance = com.challenge.suite.SubmissionServiceTest@3605ab16, testMethod = whenFindHigherScoreByChallengeId@SubmissionServiceTest, testException = [null], mergedContextConfiguration = [MergedContextConfiguration@24f5e9e8 testClass = SubmissionServiceTest, locations = '{}', classes = '{class com.challenge.SpringChallengeApplication}', contextInitializerClasses = '[]', activeProfiles = '{}', propertySourceLocations = '{}', propertySourceProperties = '{org.springframework.boot.test.context.SpringBootTestContextBootstrapper=true}', contextCustomizers = set[org.springframework.boot.test.context.filter.ExcludeFilterContextCustomizer@fa36558, org.springframework.boot.test.json.DuplicateJsonObjectContextCustomizerFactory$DuplicateJsonObjectContextCustomizer@3f56875e, org.springframework.boot.test.mock.mockito.MockitoContextCustomizer@0, org.springframework.boot.test.web.client.TestRestTemplateContextCustomizer@3943a2be, org.springframework.boot.test.autoconfigure.properties.PropertyMappingContextCustomizer@0, org.springframework.boot.test.autoconfigure.web.servlet.WebDriverContextCustomizerFactory$Customizer@2525ff7e], contextLoader = 'org.springframework.boot.test.context.SpringBootContextLoader', parent = [null]], attributes = map[[empty]]]; transaction manager [org.springframework.orm.jpa.JpaTransactionManager@2dd2ff87]; rollback [true]
Hibernate: select max(submission0_.score) as col_0_0_ from submission submission0_ where submission0_.challenge_id=?
2021-06-07 19:18:53.740  INFO 48680 --- [           main] o.s.t.c.transaction.TransactionContext   : Rolled back transaction for test: [DefaultTestContext@714b6999 testClass = SubmissionServiceTest, testInstance = com.challenge.suite.SubmissionServiceTest@3605ab16, testMethod = whenFindHigherScoreByChallengeId@SubmissionServiceTest, testException = [null], mergedContextConfiguration = [MergedContextConfiguration@24f5e9e8 testClass = SubmissionServiceTest, locations = '{}', classes = '{class com.challenge.SpringChallengeApplication}', contextInitializerClasses = '[]', activeProfiles = '{}', propertySourceLocations = '{}', propertySourceProperties = '{org.springframework.boot.test.context.SpringBootTestContextBootstrapper=true}', contextCustomizers = set[org.springframework.boot.test.context.filter.ExcludeFilterContextCustomizer@fa36558, org.springframework.boot.test.json.DuplicateJsonObjectContextCustomizerFactory$DuplicateJsonObjectContextCustomizer@3f56875e, org.springframework.boot.test.mock.mockito.MockitoContextCustomizer@0, org.springframework.boot.test.web.client.TestRestTemplateContextCustomizer@3943a2be, org.springframework.boot.test.autoconfigure.properties.PropertyMappingContextCustomizer@0, org.springframework.boot.test.autoconfigure.web.servlet.WebDriverContextCustomizerFactory$Customizer@2525ff7e], contextLoader = 'org.springframework.boot.test.context.SpringBootContextLoader', parent = [null]], attributes = map[[empty]]]
2021-06-07 19:18:53.759  INFO 48680 --- [           main] o.s.t.c.transaction.TransactionContext   : Began transaction (1) for test context [DefaultTestContext@5ffdd510 testClass = UserServiceTest, testInstance = com.challenge.suite.UserServiceTest@8c18bde, testMethod = whenFindByCompanyId@UserServiceTest, testException = [null], mergedContextConfiguration = [MergedContextConfiguration@6719f206 testClass = UserServiceTest, locations = '{}', classes = '{class com.challenge.SpringChallengeApplication}', contextInitializerClasses = '[]', activeProfiles = '{}', propertySourceLocations = '{}', propertySourceProperties = '{org.springframework.boot.test.context.SpringBootTestContextBootstrapper=true}', contextCustomizers = set[org.springframework.boot.test.context.filter.ExcludeFilterContextCustomizer@fa36558, org.springframework.boot.test.json.DuplicateJsonObjectContextCustomizerFactory$DuplicateJsonObjectContextCustomizer@3f56875e, org.springframework.boot.test.mock.mockito.MockitoContextCustomizer@0, org.springframework.boot.test.web.client.TestRestTemplateContextCustomizer@3943a2be, org.springframework.boot.test.autoconfigure.properties.PropertyMappingContextCustomizer@0, org.springframework.boot.test.autoconfigure.web.servlet.WebDriverContextCustomizerFactory$Customizer@2525ff7e], contextLoader = 'org.springframework.boot.test.context.SpringBootContextLoader', parent = [null]], attributes = map[[empty]]]; transaction manager [org.springframework.orm.jpa.JpaTransactionManager@2dd2ff87]; rollback [true]
Hibernate: select user1_.id as id1_5_, user1_.created_at as created_2_5_, user1_.email as email3_5_, user1_.full_name as full_nam4_5_, user1_.nickname as nickname5_5_, user1_.password as password6_5_ from candidate candidate0_ inner join users user1_ on candidate0_.user_id=user1_.id where candidate0_.company_id=?
2021-06-07 19:18:53.779  INFO 48680 --- [           main] o.s.t.c.transaction.TransactionContext   : Rolled back transaction for test: [DefaultTestContext@5ffdd510 testClass = UserServiceTest, testInstance = com.challenge.suite.UserServiceTest@8c18bde, testMethod = whenFindByCompanyId@UserServiceTest, testException = [null], mergedContextConfiguration = [MergedContextConfiguration@6719f206 testClass = UserServiceTest, locations = '{}', classes = '{class com.challenge.SpringChallengeApplication}', contextInitializerClasses = '[]', activeProfiles = '{}', propertySourceLocations = '{}', propertySourceProperties = '{org.springframework.boot.test.context.SpringBootTestContextBootstrapper=true}', contextCustomizers = set[org.springframework.boot.test.context.filter.ExcludeFilterContextCustomizer@fa36558, org.springframework.boot.test.json.DuplicateJsonObjectContextCustomizerFactory$DuplicateJsonObjectContextCustomizer@3f56875e, org.springframework.boot.test.mock.mockito.MockitoContextCustomizer@0, org.springframework.boot.test.web.client.TestRestTemplateContextCustomizer@3943a2be, org.springframework.boot.test.autoconfigure.properties.PropertyMappingContextCustomizer@0, org.springframework.boot.test.autoconfigure.web.servlet.WebDriverContextCustomizerFactory$Customizer@2525ff7e], contextLoader = 'org.springframework.boot.test.context.SpringBootContextLoader', parent = [null]], attributes = map[[empty]]]
2021-06-07 19:18:53.787  INFO 48680 --- [           main] o.s.t.c.transaction.TransactionContext   : Began transaction (1) for test context [DefaultTestContext@5ffdd510 testClass = UserServiceTest, testInstance = com.challenge.suite.UserServiceTest@afb7b03, testMethod = whenFindById@UserServiceTest, testException = [null], mergedContextConfiguration = [MergedContextConfiguration@6719f206 testClass = UserServiceTest, locations = '{}', classes = '{class com.challenge.SpringChallengeApplication}', contextInitializerClasses = '[]', activeProfiles = '{}', propertySourceLocations = '{}', propertySourceProperties = '{org.springframework.boot.test.context.SpringBootTestContextBootstrapper=true}', contextCustomizers = set[org.springframework.boot.test.context.filter.ExcludeFilterContextCustomizer@fa36558, org.springframework.boot.test.json.DuplicateJsonObjectContextCustomizerFactory$DuplicateJsonObjectContextCustomizer@3f56875e, org.springframework.boot.test.mock.mockito.MockitoContextCustomizer@0, org.springframework.boot.test.web.client.TestRestTemplateContextCustomizer@3943a2be, org.springframework.boot.test.autoconfigure.properties.PropertyMappingContextCustomizer@0, org.springframework.boot.test.autoconfigure.web.servlet.WebDriverContextCustomizerFactory$Customizer@2525ff7e], contextLoader = 'org.springframework.boot.test.context.SpringBootContextLoader', parent = [null]], attributes = map[[empty]]]; transaction manager [org.springframework.orm.jpa.JpaTransactionManager@2dd2ff87]; rollback [true]
Hibernate: select user0_.id as id1_5_0_, user0_.created_at as created_2_5_0_, user0_.email as email3_5_0_, user0_.full_name as full_nam4_5_0_, user0_.nickname as nickname5_5_0_, user0_.password as password6_5_0_ from users user0_ where user0_.id=?
2021-06-07 19:18:53.807  INFO 48680 --- [           main] o.s.t.c.transaction.TransactionContext   : Rolled back transaction for test: [DefaultTestContext@5ffdd510 testClass = UserServiceTest, testInstance = com.challenge.suite.UserServiceTest@afb7b03, testMethod = whenFindById@UserServiceTest, testException = [null], mergedContextConfiguration = [MergedContextConfiguration@6719f206 testClass = UserServiceTest, locations = '{}', classes = '{class com.challenge.SpringChallengeApplication}', contextInitializerClasses = '[]', activeProfiles = '{}', propertySourceLocations = '{}', propertySourceProperties = '{org.springframework.boot.test.context.SpringBootTestContextBootstrapper=true}', contextCustomizers = set[org.springframework.boot.test.context.filter.ExcludeFilterContextCustomizer@fa36558, org.springframework.boot.test.json.DuplicateJsonObjectContextCustomizerFactory$DuplicateJsonObjectContextCustomizer@3f56875e, org.springframework.boot.test.mock.mockito.MockitoContextCustomizer@0, org.springframework.boot.test.web.client.TestRestTemplateContextCustomizer@3943a2be, org.springframework.boot.test.autoconfigure.properties.PropertyMappingContextCustomizer@0, org.springframework.boot.test.autoconfigure.web.servlet.WebDriverContextCustomizerFactory$Customizer@2525ff7e], contextLoader = 'org.springframework.boot.test.context.SpringBootContextLoader', parent = [null]], attributes = map[[empty]]]
2021-06-07 19:18:53.813  INFO 48680 --- [           main] o.s.t.c.transaction.TransactionContext   : Began transaction (1) for test context [DefaultTestContext@5ffdd510 testClass = UserServiceTest, testInstance = com.challenge.suite.UserServiceTest@60b4d934, testMethod = whenFindByAccelerationName@UserServiceTest, testException = [null], mergedContextConfiguration = [MergedContextConfiguration@6719f206 testClass = UserServiceTest, locations = '{}', classes = '{class com.challenge.SpringChallengeApplication}', contextInitializerClasses = '[]', activeProfiles = '{}', propertySourceLocations = '{}', propertySourceProperties = '{org.springframework.boot.test.context.SpringBootTestContextBootstrapper=true}', contextCustomizers = set[org.springframework.boot.test.context.filter.ExcludeFilterContextCustomizer@fa36558, org.springframework.boot.test.json.DuplicateJsonObjectContextCustomizerFactory$DuplicateJsonObjectContextCustomizer@3f56875e, org.springframework.boot.test.mock.mockito.MockitoContextCustomizer@0, org.springframework.boot.test.web.client.TestRestTemplateContextCustomizer@3943a2be, org.springframework.boot.test.autoconfigure.properties.PropertyMappingContextCustomizer@0, org.springframework.boot.test.autoconfigure.web.servlet.WebDriverContextCustomizerFactory$Customizer@2525ff7e], contextLoader = 'org.springframework.boot.test.context.SpringBootContextLoader', parent = [null]], attributes = map[[empty]]]; transaction manager [org.springframework.orm.jpa.JpaTransactionManager@2dd2ff87]; rollback [true]
Hibernate: select user1_.id as id1_5_, user1_.created_at as created_2_5_, user1_.email as email3_5_, user1_.full_name as full_nam4_5_, user1_.nickname as nickname5_5_, user1_.password as password6_5_ from candidate candidate0_ inner join users user1_ on candidate0_.user_id=user1_.id where candidate0_.acceleration_id=(select accelerati2_.id from acceleration accelerati2_ where accelerati2_.name like ?)
2021-06-07 19:18:53.839  INFO 48680 --- [           main] o.s.t.c.transaction.TransactionContext   : Rolled back transaction for test: [DefaultTestContext@5ffdd510 testClass = UserServiceTest, testInstance = com.challenge.suite.UserServiceTest@60b4d934, testMethod = whenFindByAccelerationName@UserServiceTest, testException = [null], mergedContextConfiguration = [MergedContextConfiguration@6719f206 testClass = UserServiceTest, locations = '{}', classes = '{class com.challenge.SpringChallengeApplication}', contextInitializerClasses = '[]', activeProfiles = '{}', propertySourceLocations = '{}', propertySourceProperties = '{org.springframework.boot.test.context.SpringBootTestContextBootstrapper=true}', contextCustomizers = set[org.springframework.boot.test.context.filter.ExcludeFilterContextCustomizer@fa36558, org.springframework.boot.test.json.DuplicateJsonObjectContextCustomizerFactory$DuplicateJsonObjectContextCustomizer@3f56875e, org.springframework.boot.test.mock.mockito.MockitoContextCustomizer@0, org.springframework.boot.test.web.client.TestRestTemplateContextCustomizer@3943a2be, org.springframework.boot.test.autoconfigure.properties.PropertyMappingContextCustomizer@0, org.springframework.boot.test.autoconfigure.web.servlet.WebDriverContextCustomizerFactory$Customizer@2525ff7e], contextLoader = 'org.springframework.boot.test.context.SpringBootContextLoader', parent = [null]], attributes = map[[empty]]]
2021-06-07 19:18:53.845  INFO 48680 --- [           main] o.s.t.c.transaction.TransactionContext   : Began transaction (1) for test context [DefaultTestContext@5ffdd510 testClass = UserServiceTest, testInstance = com.challenge.suite.UserServiceTest@6f4f2cc0, testMethod = whenSave@UserServiceTest, testException = [null], mergedContextConfiguration = [MergedContextConfiguration@6719f206 testClass = UserServiceTest, locations = '{}', classes = '{class com.challenge.SpringChallengeApplication}', contextInitializerClasses = '[]', activeProfiles = '{}', propertySourceLocations = '{}', propertySourceProperties = '{org.springframework.boot.test.context.SpringBootTestContextBootstrapper=true}', contextCustomizers = set[org.springframework.boot.test.context.filter.ExcludeFilterContextCustomizer@fa36558, org.springframework.boot.test.json.DuplicateJsonObjectContextCustomizerFactory$DuplicateJsonObjectContextCustomizer@3f56875e, org.springframework.boot.test.mock.mockito.MockitoContextCustomizer@0, org.springframework.boot.test.web.client.TestRestTemplateContextCustomizer@3943a2be, org.springframework.boot.test.autoconfigure.properties.PropertyMappingContextCustomizer@0, org.springframework.boot.test.autoconfigure.web.servlet.WebDriverContextCustomizerFactory$Customizer@2525ff7e], contextLoader = 'org.springframework.boot.test.context.SpringBootContextLoader', parent = [null]], attributes = map[[empty]]]; transaction manager [org.springframework.orm.jpa.JpaTransactionManager@2dd2ff87]; rollback [true]
Hibernate: insert into users (id, created_at, email, full_name, nickname, password) values (null, ?, ?, ?, ?, ?)
2021-06-07 19:18:53.879  INFO 48680 --- [           main] o.s.t.c.transaction.TransactionContext   : Rolled back transaction for test: [DefaultTestContext@5ffdd510 testClass = UserServiceTest, testInstance = com.challenge.suite.UserServiceTest@6f4f2cc0, testMethod = whenSave@UserServiceTest, testException = java.lang.AssertionError: 
Expected: not null
     but: was null, mergedContextConfiguration = [MergedContextConfiguration@6719f206 testClass = UserServiceTest, locations = '{}', classes = '{class com.challenge.SpringChallengeApplication}', contextInitializerClasses = '[]', activeProfiles = '{}', propertySourceLocations = '{}', propertySourceProperties = '{org.springframework.boot.test.context.SpringBootTestContextBootstrapper=true}', contextCustomizers = set[org.springframework.boot.test.context.filter.ExcludeFilterContextCustomizer@fa36558, org.springframework.boot.test.json.DuplicateJsonObjectContextCustomizerFactory$DuplicateJsonObjectContextCustomizer@3f56875e, org.springframework.boot.test.mock.mockito.MockitoContextCustomizer@0, org.springframework.boot.test.web.client.TestRestTemplateContextCustomizer@3943a2be, org.springframework.boot.test.autoconfigure.properties.PropertyMappingContextCustomizer@0, org.springframework.boot.test.autoconfigure.web.servlet.WebDriverContextCustomizerFactory$Customizer@2525ff7e], contextLoader = 'org.springframework.boot.test.context.SpringBootContextLoader', parent = [null]], attributes = map[[empty]]]
[ERROR] Tests run: 18, Failures: 2, Errors: 0, Skipped: 0, Time elapsed: 7.901 s <<< FAILURE! - in com.challenge.suite.ChallengeTestSuite
[ERROR] whenFindByChallengeIdAndAccelerationId(com.challenge.suite.SubmissionServiceTest)  Time elapsed: 0.052 s  <<< FAILURE!
java.lang.AssertionError: 

Expected: a collection with size <3>
     but: was null
	at com.challenge.suite.SubmissionServiceTest.whenFindByChallengeIdAndAccelerationId(SubmissionServiceTest.java:50)

[ERROR] whenSave(com.challenge.suite.UserServiceTest)  Time elapsed: 0.039 s  <<< FAILURE!
java.lang.AssertionError: 

Expected: not null
     but: was null
	at com.challenge.suite.UserServiceTest.assertUser(UserServiceTest.java:76)
	at com.challenge.suite.UserServiceTest.whenSave(UserServiceTest.java:42)

2021-06-07 19:18:53.991  INFO 48680 --- [       Thread-1] j.LocalContainerEntityManagerFactoryBean : Closing JPA EntityManagerFactory for persistence unit 'default'
2021-06-07 19:18:53.997  INFO 48680 --- [       Thread-1] .SchemaDropperImpl$DelayedDropActionImpl : HHH000477: Starting delayed evictData of schema as part of SessionFactory shut-down'
Hibernate: drop table acceleration if exists
Hibernate: drop table candidate if exists
Hibernate: drop table challenge if exists
Hibernate: drop table company if exists
Hibernate: drop table submission if exists
Hibernate: drop table users if exists
2021-06-07 19:18:54.026  INFO 48680 --- [       Thread-1] com.zaxxer.hikari.HikariDataSource       : HikariPool-1 - Shutdown initiated...
2021-06-07 19:18:54.035  INFO 48680 --- [       Thread-1] com.zaxxer.hikari.HikariDataSource       : HikariPool-1 - Shutdown completed.
[INFO] 
[INFO] Results:
[INFO] 
[ERROR] Failures: 
[ERROR]   SubmissionServiceTest.whenFindByChallengeIdAndAccelerationId:50 
Expected: a collection with size <3>
     but: was null
[ERROR]   UserServiceTest.whenSave:42->assertUser:76 
Expected: not null
     but: was null
[INFO] 
[ERROR] Tests run: 18, Failures: 2, Errors: 0, Skipped: 0
[INFO] 
[INFO] ------------------------------------------------------------------------
[INFO] BUILD FAILURE
[INFO] ------------------------------------------------------------------------
[INFO] Total time:  14.992 s
[INFO] Finished at: 2021-06-07T19:18:54-03:00
[INFO] ------------------------------------------------------------------------
[ERROR] Failed to execute goal org.apache.maven.plugins:maven-surefire-plugin:2.22.2:test (default-test) on project spring-data-ddl: There are test failures.
[ERROR] 
[ERROR] Please refer to /home/danieleperse/codenation/java-10/target/surefire-reports for the individual test results.
[ERROR] Please refer to dump files (if any exist) [date].dump, [date]-jvmRun[N].dump and [date].dumpstream.
[ERROR] -> [Help 1]
[ERROR] 
[ERROR] To see the full stack trace of the errors, re-run Maven with the -e switch.
[ERROR] Re-run Maven using the -X switch to enable full debug logging.
[ERROR] 
[ERROR] For more information about the errors and possible solutions, please read the following articles:
[ERROR] [Help 1] http://cwiki.apache.org/confluence/display/MAVEN/MojoFailureException
Preparando code review...   3% |█                                       |  [0s:0s]                                                                                  Preparando code review...   7% |██                                      |  [1s:14s]                                                                                   Preparando code review...  10% |████                                    |  [1s:13s]                                                                                   Preparando code review...  14% |█████                                   |  [2s:12s]                                                                                   Preparando code review...  17% |███████                                 |  [2s:11s]                                                                                   Preparando code review...  21% |████████                                |  [3s:11s]                                                                                   Preparando code review...  25% |██████████                              |  [3s:10s]                                                                                   Preparando code review...  28% |███████████                             |  [3s:9s]                                                                                   Preparando code review...  32% |████████████                            |  [4s:9s]                                                                                   Preparando code review...  35% |██████████████                          |  [4s:8s]                                                                                   Preparando code review...  39% |███████████████                         |  [5s:8s]                                                                                   Preparando code review...  42% |█████████████████                       |  [5s:7s]                                                                                   Preparando code review...  46% |██████████████████                      |  [6s:7s]                                                                                   Preparando code review...  50% |████████████████████                    |  [6s:6s]                                                                                   Preparando code review...  53% |█████████████████████                   |  [7s:6s]                                                                                   Preparando code review...  57% |██████████████████████                  |  [7s:5s]                                                                                   Preparando code review...  60% |████████████████████████                |  [8s:5s]                                                                                   Preparando code review...  64% |█████████████████████████               |  [8s:4s]                                                                                   Preparando code review...  67% |███████████████████████████             |  [9s:4s]                                                                                   Preparando code review...  71% |████████████████████████████            |  [9s:3s]                                                                                   Preparando code review...  75% |██████████████████████████████          |  [9s:3s]                                                                                   Preparando code review...  78% |███████████████████████████████         |  [10s:2s]                                                                                   Preparando code review...  82% |████████████████████████████████        |  [10s:2s]                                                                                   Preparando code review...  85% |██████████████████████████████████      |  [11s:1s]                                                                                   Preparando code review...  89% |███████████████████████████████████     |  [11s:1s]                                                                                   Preparando code review...  92% |█████████████████████████████████████   |  [12s:0s]                                                                                   Preparando code review...  96% |██████████████████████████████████████  |  [12s:0s]                                                                                   Preparando code review... 100% |████████████████████████████████████████|  [13s:0s]
Códigos submetidos com sucesso! 

Sua nota é: 88.000000

Parabéns! Você superou este desafio!

O que fazer agora?
- Você pode continuar sua jornada escolhendo um novo desafio em https://www.codenation.com.br
- Você pode ajudar outros desenvolvedores revisando códigos ou respondendo dúvidas no forum do desafio
- Lembre-se que ensinar é uma ótima forma de ganhar reconhecimento e gera um bom karma ;)
